{"/home/travis/build/npmtest/node-npmtest-js-yaml/test.js":{"path":"/home/travis/build/npmtest/node-npmtest-js-yaml/test.js","s":{"1":2,"2":2,"3":2,"4":2,"5":2,"6":2,"7":2,"8":1,"9":2,"10":2,"11":1,"12":1,"13":1,"14":1,"15":2,"16":2,"17":2,"18":2,"19":1,"20":1,"21":2,"22":2,"23":2,"24":1,"25":1,"26":1,"27":1,"28":1,"29":1,"30":1,"31":1,"32":1,"33":1,"34":1,"35":1,"36":2,"37":2,"38":1,"39":2,"40":2,"41":1,"42":2,"43":2,"44":1,"45":1,"46":1,"47":1,"48":1},"b":{"1":[2,1,1,1],"2":[1,1,1,1],"3":[1,1],"4":[1,1],"5":[1,1],"6":[1,1],"7":[1,1],"8":[1,1],"9":[1,1,1],"10":[1,1],"11":[1,1],"12":[1,1],"13":[1,1],"14":[1,1],"15":[1,1]},"f":{"1":2,"2":2,"3":2,"4":2,"5":2,"6":1,"7":1,"8":2,"9":2,"10":2,"11":1},"fnMap":{"1":{"name":"(anonymous_1)","line":12,"loc":{"start":{"line":12,"column":1},"end":{"line":12,"column":13}}},"2":{"name":"(anonymous_2)","line":19,"loc":{"start":{"line":19,"column":5},"end":{"line":19,"column":17}}},"3":{"name":"(anonymous_3)","line":23,"loc":{"start":{"line":23,"column":24},"end":{"line":23,"column":36}}},"4":{"name":"(anonymous_4)","line":61,"loc":{"start":{"line":61,"column":5},"end":{"line":61,"column":17}}},"5":{"name":"(anonymous_5)","line":82,"loc":{"start":{"line":82,"column":5},"end":{"line":82,"column":17}}},"6":{"name":"(anonymous_6)","line":102,"loc":{"start":{"line":102,"column":83},"end":{"line":105,"column":10}},"skip":true},"7":{"name":"(anonymous_7)","line":113,"loc":{"start":{"line":113,"column":77},"end":{"line":116,"column":10}},"skip":true},"8":{"name":"(anonymous_8)","line":127,"loc":{"start":{"line":127,"column":77},"end":{"line":130,"column":10}},"skip":true},"9":{"name":"(anonymous_9)","line":138,"loc":{"start":{"line":138,"column":83},"end":{"line":141,"column":10}},"skip":true},"10":{"name":"(anonymous_10)","line":149,"loc":{"start":{"line":149,"column":79},"end":{"line":152,"column":10}},"skip":true},"11":{"name":"(anonymous_11)","line":160,"loc":{"start":{"line":160,"column":75},"end":{"line":163,"column":10}},"skip":true}},"statementMap":{"1":{"start":{"line":12,"column":0},"end":{"line":175,"column":5}},"2":{"start":{"line":14,"column":4},"end":{"line":14,"column":14}},"3":{"start":{"line":19,"column":4},"end":{"line":56,"column":9}},"4":{"start":{"line":21,"column":8},"end":{"line":21,"column":19}},"5":{"start":{"line":23,"column":8},"end":{"line":35,"column":13}},"6":{"start":{"line":24,"column":12},"end":{"line":34,"column":13}},"7":{"start":{"line":25,"column":16},"end":{"line":28,"column":30}},"8":{"start":{"line":30,"column":16},"end":{"line":33,"column":27}},"9":{"start":{"line":37,"column":8},"end":{"line":39,"column":21}},"10":{"start":{"line":40,"column":8},"end":{"line":53,"column":9}},"11":{"start":{"line":43,"column":12},"end":{"line":46,"column":14}},"12":{"start":{"line":47,"column":12},"end":{"line":47,"column":18}},"13":{"start":{"line":50,"column":12},"end":{"line":51,"column":46}},"14":{"start":{"line":52,"column":12},"end":{"line":52,"column":18}},"15":{"start":{"line":55,"column":8},"end":{"line":55,"column":35}},"16":{"start":{"line":61,"column":4},"end":{"line":63,"column":9}},"17":{"start":{"line":62,"column":8},"end":{"line":62,"column":15}},"18":{"start":{"line":64,"column":4},"end":{"line":77,"column":5}},"19":{"start":{"line":70,"column":8},"end":{"line":70,"column":14}},"20":{"start":{"line":76,"column":8},"end":{"line":76,"column":14}},"21":{"start":{"line":82,"column":4},"end":{"line":84,"column":9}},"22":{"start":{"line":83,"column":8},"end":{"line":83,"column":15}},"23":{"start":{"line":85,"column":4},"end":{"line":174,"column":5}},"24":{"start":{"line":92,"column":8},"end":{"line":94,"column":63}},"25":{"start":{"line":95,"column":8},"end":{"line":95,"column":14}},"26":{"start":{"line":102,"column":8},"end":{"line":111,"column":10},"skip":true},"27":{"start":{"line":109,"column":12},"end":{"line":109,"column":55},"skip":true},"28":{"start":{"line":110,"column":12},"end":{"line":110,"column":48},"skip":true},"29":{"start":{"line":113,"column":8},"end":{"line":125,"column":10},"skip":true},"30":{"start":{"line":120,"column":12},"end":{"line":120,"column":76},"skip":true},"31":{"start":{"line":121,"column":12},"end":{"line":121,"column":73},"skip":true},"32":{"start":{"line":122,"column":12},"end":{"line":122,"column":74},"skip":true},"33":{"start":{"line":123,"column":12},"end":{"line":123,"column":25},"skip":true},"34":{"start":{"line":124,"column":12},"end":{"line":124,"column":45},"skip":true},"35":{"start":{"line":127,"column":8},"end":{"line":136,"column":10},"skip":true},"36":{"start":{"line":134,"column":12},"end":{"line":134,"column":25},"skip":true},"37":{"start":{"line":135,"column":12},"end":{"line":135,"column":45},"skip":true},"38":{"start":{"line":138,"column":8},"end":{"line":147,"column":10},"skip":true},"39":{"start":{"line":145,"column":12},"end":{"line":145,"column":25},"skip":true},"40":{"start":{"line":146,"column":12},"end":{"line":146,"column":48},"skip":true},"41":{"start":{"line":149,"column":8},"end":{"line":158,"column":10},"skip":true},"42":{"start":{"line":156,"column":12},"end":{"line":156,"column":25},"skip":true},"43":{"start":{"line":157,"column":12},"end":{"line":157,"column":46},"skip":true},"44":{"start":{"line":160,"column":8},"end":{"line":169,"column":10},"skip":true},"45":{"start":{"line":167,"column":12},"end":{"line":167,"column":94},"skip":true},"46":{"start":{"line":168,"column":12},"end":{"line":168,"column":48},"skip":true},"47":{"start":{"line":172,"column":8},"end":{"line":172,"column":35},"skip":true},"48":{"start":{"line":173,"column":8},"end":{"line":173,"column":14},"skip":true}},"branchMap":{"1":{"line":25,"type":"binary-expr","locations":[{"start":{"line":25,"column":23},"end":{"line":25,"column":62}},{"start":{"line":26,"column":20},"end":{"line":26,"column":70}},{"start":{"line":27,"column":20},"end":{"line":27,"column":71}},{"start":{"line":28,"column":20},"end":{"line":28,"column":29}}]},"2":{"line":30,"type":"binary-expr","locations":[{"start":{"line":30,"column":23},"end":{"line":30,"column":37}},{"start":{"line":31,"column":20},"end":{"line":31,"column":61}},{"start":{"line":32,"column":20},"end":{"line":32,"column":70}},{"start":{"line":33,"column":20},"end":{"line":33,"column":26}}]},"3":{"line":37,"type":"cond-expr","locations":[{"start":{"line":38,"column":14},"end":{"line":38,"column":20}},{"start":{"line":39,"column":14},"end":{"line":39,"column":20}}]},"4":{"line":40,"type":"switch","locations":[{"start":{"line":42,"column":8},"end":{"line":47,"column":18}},{"start":{"line":49,"column":8},"end":{"line":52,"column":18}}]},"5":{"line":44,"type":"binary-expr","locations":[{"start":{"line":44,"column":16},"end":{"line":44,"column":44}},{"start":{"line":44,"column":48},"end":{"line":44,"column":66}}]},"6":{"line":50,"type":"binary-expr","locations":[{"start":{"line":50,"column":21},"end":{"line":50,"column":49}},{"start":{"line":50,"column":53},"end":{"line":50,"column":72}}]},"7":{"line":64,"type":"switch","locations":[{"start":{"line":69,"column":4},"end":{"line":70,"column":14}},{"start":{"line":75,"column":4},"end":{"line":76,"column":14}}]},"8":{"line":85,"type":"switch","locations":[{"start":{"line":90,"column":4},"end":{"line":95,"column":14}},{"start":{"line":101,"column":4},"end":{"line":173,"column":14},"skip":true}]},"9":{"line":92,"type":"binary-expr","locations":[{"start":{"line":92,"column":18},"end":{"line":92,"column":32}},{"start":{"line":93,"column":12},"end":{"line":93,"column":53}},{"start":{"line":94,"column":12},"end":{"line":94,"column":61}}]},"10":{"line":102,"type":"binary-expr","locations":[{"start":{"line":102,"column":45},"end":{"line":102,"column":79},"skip":true},{"start":{"line":102,"column":83},"end":{"line":111,"column":9},"skip":true}]},"11":{"line":113,"type":"binary-expr","locations":[{"start":{"line":113,"column":42},"end":{"line":113,"column":73},"skip":true},{"start":{"line":113,"column":77},"end":{"line":125,"column":9},"skip":true}]},"12":{"line":127,"type":"binary-expr","locations":[{"start":{"line":127,"column":42},"end":{"line":127,"column":73},"skip":true},{"start":{"line":127,"column":77},"end":{"line":136,"column":9},"skip":true}]},"13":{"line":138,"type":"binary-expr","locations":[{"start":{"line":138,"column":45},"end":{"line":138,"column":79},"skip":true},{"start":{"line":138,"column":83},"end":{"line":147,"column":9},"skip":true}]},"14":{"line":149,"type":"binary-expr","locations":[{"start":{"line":149,"column":43},"end":{"line":149,"column":75},"skip":true},{"start":{"line":149,"column":79},"end":{"line":158,"column":9},"skip":true}]},"15":{"line":160,"type":"binary-expr","locations":[{"start":{"line":160,"column":41},"end":{"line":160,"column":71},"skip":true},{"start":{"line":160,"column":75},"end":{"line":169,"column":9},"skip":true}]}},"code":["/* istanbul instrument in package npmtest_js_yaml */","/*jslint","    bitwise: true,","    browser: true,","    maxerr: 8,","    maxlen: 96,","    node: true,","    nomen: true,","    regexp: true,","    stupid: true","*/","(function () {","    'use strict';","    var local;","","","","    // run shared js-env code - pre-init","    (function () {","        // init local","        local = {};","        // init modeJs","        local.modeJs = (function () {","            try {","                return typeof navigator.userAgent === 'string' &&","                    typeof document.querySelector('body') === 'object' &&","                    typeof XMLHttpRequest.prototype.open === 'function' &&","                    'browser';","            } catch (errorCaughtBrowser) {","                return module.exports &&","                    typeof process.versions.node === 'string' &&","                    typeof require('http').createServer === 'function' &&","                    'node';","            }","        }());","        // init global","        local.global = local.modeJs === 'browser'","            ? window","            : global;","        switch (local.modeJs) {","        // re-init local from window.local","        case 'browser':","            local = local.global.utility2.objectSetDefault(","                local.global.utility2_rollup || local.global.local,","                local.global.utility2","            );","            break;","        // re-init local from example.js","        case 'node':","            local = (local.global.utility2_rollup || require('utility2'))","                .requireExampleJsFromReadme();","            break;","        }","        // export local","        local.global.local = local;","    }());","","","","    // run shared js-env code - function","    (function () {","        return;","    }());","    switch (local.modeJs) {","","","","    // run browser js-env code - function","    case 'browser':","        break;","","","","    // run node js-env code - function","    case 'node':","        break;","    }","","","","    // run shared js-env code - post-init","    (function () {","        return;","    }());","    switch (local.modeJs) {","","","","    // run browser js-env code - post-init","    case 'browser':","        // run tests","        local.nop(local.modeTest &&","            document.querySelector('#testRunButton1') &&","            document.querySelector('#testRunButton1').click());","        break;","","","","    // run node js-env code - post-init","    /* istanbul ignore next */","    case 'node':","        local.testCase_buildApidoc_default = local.testCase_buildApidoc_default || function (","            options,","            onError","        ) {","        /*","         * this function will test buildApidoc's default handling-behavior-behavior","         */","            options = { modulePathList: module.paths };","            local.buildApidoc(options, onError);","        };","","        local.testCase_buildApp_default = local.testCase_buildApp_default || function (","            options,","            onError","        ) {","        /*","         * this function will test buildApp's default handling-behavior-behavior","         */","            local.testCase_buildReadme_default(options, local.onErrorThrow);","            local.testCase_buildLib_default(options, local.onErrorThrow);","            local.testCase_buildTest_default(options, local.onErrorThrow);","            options = [];","            local.buildApp(options, onError);","        };","","        local.testCase_buildLib_default = local.testCase_buildLib_default || function (","            options,","            onError","        ) {","        /*","         * this function will test buildLib's default handling-behavior","         */","            options = {};","            local.buildLib(options, onError);","        };","","        local.testCase_buildReadme_default = local.testCase_buildReadme_default || function (","            options,","            onError","        ) {","        /*","         * this function will test buildReadme's default handling-behavior-behavior","         */","            options = {};","            local.buildReadme(options, onError);","        };","","        local.testCase_buildTest_default = local.testCase_buildTest_default || function (","            options,","            onError","        ) {","        /*","         * this function will test buildTest's default handling-behavior","         */","            options = {};","            local.buildTest(options, onError);","        };","","        local.testCase_webpage_default = local.testCase_webpage_default || function (","            options,","            onError","        ) {","        /*","         * this function will test webpage's default handling-behavior","         */","            options = { modeCoverageMerge: true, url: local.serverLocalHost + '?modeTest=1' };","            local.browserTest(options, onError);","        };","","        // run test-server","        local.testRunServer(local);","        break;","    }","}());",""],"l":{"12":2,"14":2,"19":2,"21":2,"23":2,"24":2,"25":2,"30":1,"37":2,"40":2,"43":1,"47":1,"50":1,"52":1,"55":2,"61":2,"62":2,"64":2,"70":1,"76":1,"82":2,"83":2,"85":2,"92":1,"95":1,"102":1,"109":1,"110":1,"113":1,"120":1,"121":1,"122":1,"123":1,"124":1,"127":1,"134":2,"135":2,"138":1,"145":2,"146":2,"149":1,"156":2,"157":2,"160":1,"167":1,"168":1,"172":1,"173":1}},"/home/travis/build/npmtest/node-npmtest-js-yaml/lib.npmtest_js_yaml.js":{"path":"/home/travis/build/npmtest/node-npmtest-js-yaml/lib.npmtest_js_yaml.js","s":{"1":2,"2":2,"3":2,"4":2,"5":2,"6":2,"7":2,"8":1,"9":2,"10":2,"11":2,"12":2,"13":1,"14":1,"15":1,"16":1},"b":{"1":[2,1,1,1],"2":[1,1,1,1],"3":[1,1],"4":[2,2],"5":[1,1]},"f":{"1":2,"2":2,"3":2},"fnMap":{"1":{"name":"(anonymous_1)","line":12,"loc":{"start":{"line":12,"column":1},"end":{"line":12,"column":13}}},"2":{"name":"(anonymous_2)","line":19,"loc":{"start":{"line":19,"column":5},"end":{"line":19,"column":17}}},"3":{"name":"(anonymous_3)","line":23,"loc":{"start":{"line":23,"column":24},"end":{"line":23,"column":36}}}},"statementMap":{"1":{"start":{"line":12,"column":0},"end":{"line":53,"column":5}},"2":{"start":{"line":14,"column":4},"end":{"line":14,"column":14}},"3":{"start":{"line":19,"column":4},"end":{"line":52,"column":9}},"4":{"start":{"line":21,"column":8},"end":{"line":21,"column":19}},"5":{"start":{"line":23,"column":8},"end":{"line":35,"column":13}},"6":{"start":{"line":24,"column":12},"end":{"line":34,"column":13}},"7":{"start":{"line":25,"column":16},"end":{"line":28,"column":30}},"8":{"start":{"line":30,"column":16},"end":{"line":33,"column":27}},"9":{"start":{"line":37,"column":8},"end":{"line":39,"column":21}},"10":{"start":{"line":41,"column":8},"end":{"line":41,"column":54}},"11":{"start":{"line":43,"column":8},"end":{"line":43,"column":52}},"12":{"start":{"line":45,"column":8},"end":{"line":51,"column":9}},"13":{"start":{"line":46,"column":12},"end":{"line":46,"column":58}},"14":{"start":{"line":48,"column":12},"end":{"line":48,"column":35}},"15":{"start":{"line":49,"column":12},"end":{"line":49,"column":49}},"16":{"start":{"line":50,"column":12},"end":{"line":50,"column":43}}},"branchMap":{"1":{"line":25,"type":"binary-expr","locations":[{"start":{"line":25,"column":23},"end":{"line":25,"column":62}},{"start":{"line":26,"column":20},"end":{"line":26,"column":70}},{"start":{"line":27,"column":20},"end":{"line":27,"column":71}},{"start":{"line":28,"column":20},"end":{"line":28,"column":29}}]},"2":{"line":30,"type":"binary-expr","locations":[{"start":{"line":30,"column":23},"end":{"line":30,"column":37}},{"start":{"line":31,"column":20},"end":{"line":31,"column":61}},{"start":{"line":32,"column":20},"end":{"line":32,"column":70}},{"start":{"line":33,"column":20},"end":{"line":33,"column":26}}]},"3":{"line":37,"type":"cond-expr","locations":[{"start":{"line":38,"column":14},"end":{"line":38,"column":20}},{"start":{"line":39,"column":14},"end":{"line":39,"column":20}}]},"4":{"line":41,"type":"binary-expr","locations":[{"start":{"line":41,"column":16},"end":{"line":41,"column":44}},{"start":{"line":41,"column":48},"end":{"line":41,"column":53}}]},"5":{"line":45,"type":"if","locations":[{"start":{"line":45,"column":8},"end":{"line":45,"column":8}},{"start":{"line":45,"column":8},"end":{"line":45,"column":8}}]}},"code":["/* istanbul instrument in package npmtest_js_yaml */","/*jslint","    bitwise: true,","    browser: true,","    maxerr: 8,","    maxlen: 96,","    node: true,","    nomen: true,","    regexp: true,","    stupid: true","*/","(function () {","    'use strict';","    var local;","","","","    // run shared js-env code - pre-init","    (function () {","        // init local","        local = {};","        // init modeJs","        local.modeJs = (function () {","            try {","                return typeof navigator.userAgent === 'string' &&","                    typeof document.querySelector('body') === 'object' &&","                    typeof XMLHttpRequest.prototype.open === 'function' &&","                    'browser';","            } catch (errorCaughtBrowser) {","                return module.exports &&","                    typeof process.versions.node === 'string' &&","                    typeof require('http').createServer === 'function' &&","                    'node';","            }","        }());","        // init global","        local.global = local.modeJs === 'browser'","            ? window","            : global;","        // init utility2_rollup","        local = local.global.utility2_rollup || local;","        // init lib","        local.local = local.npmtest_js_yaml = local;","        // init exports","        if (local.modeJs === 'browser') {","            local.global.utility2_npmtest_js_yaml = local;","        } else {","            module.exports = local;","            module.exports.__dirname = __dirname;","            module.exports.module = module;","        }","    }());","}());",""],"l":{"12":2,"14":2,"19":2,"21":2,"23":2,"24":2,"25":2,"30":1,"37":2,"41":2,"43":2,"45":2,"46":1,"48":1,"49":1,"50":1}},"/home/travis/build/npmtest/node-npmtest-js-yaml/example.js":{"path":"/home/travis/build/npmtest/node-npmtest-js-yaml/example.js","s":{"1":2,"2":2,"3":2,"4":2,"5":2,"6":2,"7":2,"8":1,"9":2,"10":2,"11":2,"12":2,"13":1,"14":2,"15":2,"16":2,"17":2,"18":2,"19":0,"20":2,"21":1,"22":1,"23":1,"24":1,"25":1,"26":0,"27":0,"28":1,"29":1,"30":2,"31":0,"32":0,"33":0,"34":1,"35":2,"36":2,"37":2,"38":2,"39":2,"40":2,"41":0,"42":2,"43":2,"44":2,"45":1,"46":3,"47":1,"48":1,"49":1,"50":1,"51":1,"52":1,"53":1,"54":1,"55":1,"56":1,"57":0,"58":1,"59":6,"60":6,"61":1,"62":2,"63":0,"64":2,"65":1,"66":1,"67":0,"68":0,"69":0,"70":0,"71":0,"72":0,"73":0,"74":0,"75":0,"76":0,"77":0,"78":0,"79":0,"80":0,"81":0,"82":0,"83":0},"b":{"1":[2,1,1,1],"2":[1,1,1,1],"3":[1,1],"4":[2,2],"5":[1,1],"6":[1,1],"7":[2,0],"8":[2,1,1,1,1,1],"9":[0,2,0],"10":[1,1],"11":[2,1,1],"12":[1,0],"13":[0,2],"14":[2,0,0,0,0,0,0],"15":[0,2],"16":[2,0],"17":[1,1],"18":[0,1],"19":[1,2,0,2],"20":[1,0],"21":[1,1],"22":[0,0],"23":[0,0],"24":[0,0],"25":[0,0],"26":[0,0],"27":[0,0],"28":[0,0]},"f":{"1":2,"2":2,"3":2,"4":2,"5":2,"6":2,"7":2,"8":2,"9":3,"10":1,"11":6,"12":0},"fnMap":{"1":{"name":"(anonymous_1)","line":26,"loc":{"start":{"line":26,"column":1},"end":{"line":26,"column":13}}},"2":{"name":"(anonymous_2)","line":33,"loc":{"start":{"line":33,"column":5},"end":{"line":33,"column":17}}},"3":{"name":"(anonymous_3)","line":37,"loc":{"start":{"line":37,"column":24},"end":{"line":37,"column":36}}},"4":{"name":"(anonymous_4)","line":69,"loc":{"start":{"line":69,"column":31},"end":{"line":69,"column":48}},"skip":true},"5":{"name":"(anonymous_5)","line":78,"loc":{"start":{"line":78,"column":26},"end":{"line":78,"column":45}},"skip":true},"6":{"name":"(anonymous_6)","line":123,"loc":{"start":{"line":123,"column":33},"end":{"line":123,"column":48}},"skip":true},"7":{"name":"(anonymous_7)","line":125,"loc":{"start":{"line":125,"column":27},"end":{"line":125,"column":39}},"skip":true},"8":{"name":"(anonymous_8)","line":133,"loc":{"start":{"line":133,"column":59},"end":{"line":133,"column":74}},"skip":true},"9":{"name":"(anonymous_9)","line":143,"loc":{"start":{"line":143,"column":45},"end":{"line":143,"column":62}},"skip":true},"10":{"name":"(anonymous_10)","line":144,"loc":{"start":{"line":144,"column":73},"end":{"line":144,"column":92}},"skip":true},"11":{"name":"(anonymous_11)","line":272,"loc":{"start":{"line":272,"column":51},"end":{"line":272,"column":77}},"skip":true},"12":{"name":"(anonymous_12)","line":314,"loc":{"start":{"line":314,"column":32},"end":{"line":314,"column":61}},"skip":true}},"statementMap":{"1":{"start":{"line":26,"column":0},"end":{"line":325,"column":5}},"2":{"start":{"line":28,"column":4},"end":{"line":28,"column":14}},"3":{"start":{"line":33,"column":4},"end":{"line":60,"column":9}},"4":{"start":{"line":35,"column":8},"end":{"line":35,"column":19}},"5":{"start":{"line":37,"column":8},"end":{"line":49,"column":13}},"6":{"start":{"line":38,"column":12},"end":{"line":48,"column":13}},"7":{"start":{"line":39,"column":16},"end":{"line":42,"column":30}},"8":{"start":{"line":44,"column":16},"end":{"line":47,"column":27}},"9":{"start":{"line":51,"column":8},"end":{"line":53,"column":21}},"10":{"start":{"line":55,"column":8},"end":{"line":57,"column":45}},"11":{"start":{"line":59,"column":8},"end":{"line":59,"column":35}},"12":{"start":{"line":61,"column":4},"end":{"line":324,"column":5}},"13":{"start":{"line":69,"column":8},"end":{"line":121,"column":10},"skip":true},"14":{"start":{"line":70,"column":12},"end":{"line":88,"column":13},"skip":true},"15":{"start":{"line":76,"column":16},"end":{"line":87,"column":19},"skip":true},"16":{"start":{"line":79,"column":20},"end":{"line":86,"column":21},"skip":true},"17":{"start":{"line":82,"column":24},"end":{"line":82,"column":43},"skip":true},"18":{"start":{"line":83,"column":24},"end":{"line":83,"column":30},"skip":true},"19":{"start":{"line":85,"column":24},"end":{"line":85,"column":49},"skip":true},"20":{"start":{"line":89,"column":12},"end":{"line":107,"column":13},"skip":true},"21":{"start":{"line":92,"column":16},"end":{"line":102,"column":17},"skip":true},"22":{"start":{"line":93,"column":20},"end":{"line":93,"column":86},"skip":true},"23":{"start":{"line":94,"column":20},"end":{"line":95,"column":45},"skip":true},"24":{"start":{"line":96,"column":20},"end":{"line":96,"column":42},"skip":true},"25":{"start":{"line":97,"column":20},"end":{"line":97,"column":48},"skip":true},"26":{"start":{"line":100,"column":20},"end":{"line":100,"column":85},"skip":true},"27":{"start":{"line":101,"column":20},"end":{"line":101,"column":96},"skip":true},"28":{"start":{"line":103,"column":16},"end":{"line":103,"column":22},"skip":true},"29":{"start":{"line":106,"column":16},"end":{"line":106,"column":22},"skip":true},"30":{"start":{"line":108,"column":12},"end":{"line":120,"column":13},"skip":true},"31":{"start":{"line":114,"column":16},"end":{"line":119,"column":17},"skip":true},"32":{"start":{"line":116,"column":20},"end":{"line":116,"column":78},"skip":true},"33":{"start":{"line":118,"column":20},"end":{"line":118,"column":53},"skip":true},"34":{"start":{"line":123,"column":8},"end":{"line":141,"column":11},"skip":true},"35":{"start":{"line":124,"column":12},"end":{"line":124,"column":54},"skip":true},"36":{"start":{"line":125,"column":12},"end":{"line":140,"column":14},"skip":true},"37":{"start":{"line":126,"column":16},"end":{"line":126,"column":28},"skip":true},"38":{"start":{"line":127,"column":16},"end":{"line":127,"column":69},"skip":true},"39":{"start":{"line":128,"column":16},"end":{"line":128,"column":75},"skip":true},"40":{"start":{"line":129,"column":16},"end":{"line":131,"column":17},"skip":true},"41":{"start":{"line":130,"column":20},"end":{"line":130,"column":27},"skip":true},"42":{"start":{"line":133,"column":16},"end":{"line":137,"column":36},"skip":true},"43":{"start":{"line":134,"column":20},"end":{"line":136,"column":55},"skip":true},"44":{"start":{"line":139,"column":16},"end":{"line":139,"column":57},"skip":true},"45":{"start":{"line":143,"column":8},"end":{"line":147,"column":11},"skip":true},"46":{"start":{"line":144,"column":12},"end":{"line":146,"column":15},"skip":true},"47":{"start":{"line":145,"column":16},"end":{"line":145,"column":70},"skip":true},"48":{"start":{"line":149,"column":8},"end":{"line":149,"column":31},"skip":true},"49":{"start":{"line":150,"column":8},"end":{"line":150,"column":14},"skip":true},"50":{"start":{"line":158,"column":8},"end":{"line":158,"column":31},"skip":true},"51":{"start":{"line":160,"column":8},"end":{"line":160,"column":33},"skip":true},"52":{"start":{"line":161,"column":8},"end":{"line":161,"column":37},"skip":true},"53":{"start":{"line":162,"column":8},"end":{"line":162,"column":35},"skip":true},"54":{"start":{"line":164,"column":8},"end":{"line":164,"column":50},"skip":true},"55":{"start":{"line":166,"column":8},"end":{"line":256,"column":2},"skip":true},"56":{"start":{"line":258,"column":8},"end":{"line":286,"column":9},"skip":true},"57":{"start":{"line":259,"column":12},"end":{"line":269,"column":14},"skip":true},"58":{"start":{"line":271,"column":12},"end":{"line":285,"column":19},"skip":true},"59":{"start":{"line":274,"column":20},"end":{"line":274,"column":35},"skip":true},"60":{"start":{"line":275,"column":20},"end":{"line":284,"column":21},"skip":true},"61":{"start":{"line":277,"column":24},"end":{"line":277,"column":64},"skip":true},"62":{"start":{"line":279,"column":24},"end":{"line":279,"column":40},"skip":true},"63":{"start":{"line":281,"column":24},"end":{"line":281,"column":40},"skip":true},"64":{"start":{"line":283,"column":24},"end":{"line":283,"column":39},"skip":true},"65":{"start":{"line":288,"column":8},"end":{"line":290,"column":9},"skip":true},"66":{"start":{"line":289,"column":12},"end":{"line":289,"column":18},"skip":true},"67":{"start":{"line":291,"column":8},"end":{"line":293,"column":54},"skip":true},"68":{"start":{"line":294,"column":8},"end":{"line":301,"column":37},"skip":true},"69":{"start":{"line":302,"column":8},"end":{"line":302,"column":82},"skip":true},"70":{"start":{"line":305,"column":8},"end":{"line":307,"column":9},"skip":true},"71":{"start":{"line":306,"column":12},"end":{"line":306,"column":82},"skip":true},"72":{"start":{"line":309,"column":8},"end":{"line":311,"column":9},"skip":true},"73":{"start":{"line":310,"column":12},"end":{"line":310,"column":18},"skip":true},"74":{"start":{"line":312,"column":8},"end":{"line":312,"column":54},"skip":true},"75":{"start":{"line":313,"column":8},"end":{"line":313,"column":69},"skip":true},"76":{"start":{"line":314,"column":8},"end":{"line":322,"column":36},"skip":true},"77":{"start":{"line":315,"column":12},"end":{"line":315,"column":61},"skip":true},"78":{"start":{"line":316,"column":12},"end":{"line":319,"column":13},"skip":true},"79":{"start":{"line":317,"column":16},"end":{"line":317,"column":75},"skip":true},"80":{"start":{"line":318,"column":16},"end":{"line":318,"column":23},"skip":true},"81":{"start":{"line":320,"column":12},"end":{"line":320,"column":38},"skip":true},"82":{"start":{"line":321,"column":12},"end":{"line":321,"column":27},"skip":true},"83":{"start":{"line":323,"column":8},"end":{"line":323,"column":14},"skip":true}},"branchMap":{"1":{"line":39,"type":"binary-expr","locations":[{"start":{"line":39,"column":23},"end":{"line":39,"column":62}},{"start":{"line":40,"column":20},"end":{"line":40,"column":70}},{"start":{"line":41,"column":20},"end":{"line":41,"column":71}},{"start":{"line":42,"column":20},"end":{"line":42,"column":29}}]},"2":{"line":44,"type":"binary-expr","locations":[{"start":{"line":44,"column":23},"end":{"line":44,"column":37}},{"start":{"line":45,"column":20},"end":{"line":45,"column":61}},{"start":{"line":46,"column":20},"end":{"line":46,"column":70}},{"start":{"line":47,"column":20},"end":{"line":47,"column":26}}]},"3":{"line":51,"type":"cond-expr","locations":[{"start":{"line":52,"column":14},"end":{"line":52,"column":20}},{"start":{"line":53,"column":14},"end":{"line":53,"column":20}}]},"4":{"line":55,"type":"binary-expr","locations":[{"start":{"line":55,"column":16},"end":{"line":55,"column":44}},{"start":{"line":55,"column":49},"end":{"line":57,"column":43}}]},"5":{"line":55,"type":"cond-expr","locations":[{"start":{"line":56,"column":14},"end":{"line":56,"column":51}},{"start":{"line":57,"column":14},"end":{"line":57,"column":43}}]},"6":{"line":61,"type":"switch","locations":[{"start":{"line":68,"column":4},"end":{"line":150,"column":14},"skip":true},{"start":{"line":156,"column":4},"end":{"line":323,"column":14},"skip":true}]},"7":{"line":70,"type":"if","locations":[{"start":{"line":70,"column":12},"end":{"line":70,"column":12},"skip":true},{"start":{"line":70,"column":12},"end":{"line":70,"column":12},"skip":true}]},"8":{"line":70,"type":"binary-expr","locations":[{"start":{"line":70,"column":16},"end":{"line":70,"column":22},"skip":true},{"start":{"line":70,"column":27},"end":{"line":70,"column":32},"skip":true},{"start":{"line":71,"column":20},"end":{"line":71,"column":39},"skip":true},{"start":{"line":72,"column":20},"end":{"line":72,"column":49},"skip":true},{"start":{"line":73,"column":20},"end":{"line":73,"column":58},"skip":true},{"start":{"line":74,"column":20},"end":{"line":74,"column":69},"skip":true}]},"9":{"line":79,"type":"switch","locations":[{"start":{"line":80,"column":20},"end":{"line":80,"column":33},"skip":true},{"start":{"line":81,"column":20},"end":{"line":83,"column":30},"skip":true},{"start":{"line":84,"column":20},"end":{"line":85,"column":49},"skip":true}]},"10":{"line":89,"type":"switch","locations":[{"start":{"line":90,"column":12},"end":{"line":103,"column":22},"skip":true},{"start":{"line":105,"column":12},"end":{"line":106,"column":22},"skip":true}]},"11":{"line":89,"type":"binary-expr","locations":[{"start":{"line":89,"column":20},"end":{"line":89,"column":25},"skip":true},{"start":{"line":89,"column":29},"end":{"line":89,"column":48},"skip":true},{"start":{"line":89,"column":52},"end":{"line":89,"column":74},"skip":true}]},"12":{"line":92,"type":"if","locations":[{"start":{"line":92,"column":16},"end":{"line":92,"column":16},"skip":true},{"start":{"line":92,"column":16},"end":{"line":92,"column":16},"skip":true}]},"13":{"line":108,"type":"if","locations":[{"start":{"line":108,"column":12},"end":{"line":108,"column":12},"skip":true},{"start":{"line":108,"column":12},"end":{"line":108,"column":12},"skip":true}]},"14":{"line":108,"type":"binary-expr","locations":[{"start":{"line":108,"column":16},"end":{"line":108,"column":61},"skip":true},{"start":{"line":108,"column":66},"end":{"line":108,"column":72},"skip":true},{"start":{"line":108,"column":77},"end":{"line":108,"column":82},"skip":true},{"start":{"line":109,"column":20},"end":{"line":109,"column":39},"skip":true},{"start":{"line":110,"column":20},"end":{"line":110,"column":49},"skip":true},{"start":{"line":111,"column":20},"end":{"line":111,"column":58},"skip":true},{"start":{"line":112,"column":20},"end":{"line":112,"column":68},"skip":true}]},"15":{"line":129,"type":"if","locations":[{"start":{"line":129,"column":16},"end":{"line":129,"column":16},"skip":true},{"start":{"line":129,"column":16},"end":{"line":129,"column":16},"skip":true}]},"16":{"line":134,"type":"cond-expr","locations":[{"start":{"line":135,"column":26},"end":{"line":135,"column":29},"skip":true},{"start":{"line":136,"column":26},"end":{"line":136,"column":54},"skip":true}]},"17":{"line":164,"type":"binary-expr","locations":[{"start":{"line":164,"column":27},"end":{"line":164,"column":43},"skip":true},{"start":{"line":164,"column":47},"end":{"line":164,"column":49},"skip":true}]},"18":{"line":258,"type":"if","locations":[{"start":{"line":258,"column":8},"end":{"line":258,"column":8},"skip":true},{"start":{"line":258,"column":8},"end":{"line":258,"column":8},"skip":true}]},"19":{"line":275,"type":"switch","locations":[{"start":{"line":276,"column":20},"end":{"line":277,"column":64},"skip":true},{"start":{"line":278,"column":20},"end":{"line":279,"column":40},"skip":true},{"start":{"line":280,"column":20},"end":{"line":281,"column":40},"skip":true},{"start":{"line":282,"column":20},"end":{"line":283,"column":39},"skip":true}]},"20":{"line":288,"type":"if","locations":[{"start":{"line":288,"column":8},"end":{"line":288,"column":8},"skip":true},{"start":{"line":288,"column":8},"end":{"line":288,"column":8},"skip":true}]},"21":{"line":288,"type":"binary-expr","locations":[{"start":{"line":288,"column":12},"end":{"line":288,"column":40},"skip":true},{"start":{"line":288,"column":44},"end":{"line":288,"column":67},"skip":true}]},"22":{"line":292,"type":"binary-expr","locations":[{"start":{"line":292,"column":12},"end":{"line":292,"column":50},"skip":true},{"start":{"line":293,"column":12},"end":{"line":293,"column":53},"skip":true}]},"23":{"line":295,"type":"binary-expr","locations":[{"start":{"line":295,"column":12},"end":{"line":295,"column":65},"skip":true},{"start":{"line":296,"column":12},"end":{"line":301,"column":36},"skip":true}]},"24":{"line":302,"type":"binary-expr","locations":[{"start":{"line":302,"column":43},"end":{"line":302,"column":75},"skip":true},{"start":{"line":302,"column":79},"end":{"line":302,"column":81},"skip":true}]},"25":{"line":305,"type":"if","locations":[{"start":{"line":305,"column":8},"end":{"line":305,"column":8},"skip":true},{"start":{"line":305,"column":8},"end":{"line":305,"column":8},"skip":true}]},"26":{"line":309,"type":"if","locations":[{"start":{"line":309,"column":8},"end":{"line":309,"column":8},"skip":true},{"start":{"line":309,"column":8},"end":{"line":309,"column":8},"skip":true}]},"27":{"line":312,"type":"binary-expr","locations":[{"start":{"line":312,"column":27},"end":{"line":312,"column":43},"skip":true},{"start":{"line":312,"column":47},"end":{"line":312,"column":53},"skip":true}]},"28":{"line":316,"type":"if","locations":[{"start":{"line":316,"column":12},"end":{"line":316,"column":12},"skip":true},{"start":{"line":316,"column":12},"end":{"line":316,"column":12},"skip":true}]}},"code":["/*","example.js","","quickstart example","","instruction","    1. save this script as example.js","    2. run the shell command:","        $ npm install npmtest-js-yaml && PORT=8081 node example.js","    3. play with the browser-demo on http://127.0.0.1:8081","*/","","","","/* istanbul instrument in package npmtest_js_yaml */","/*jslint","    bitwise: true,","    browser: true,","    maxerr: 8,","    maxlen: 96,","    node: true,","    nomen: true,","    regexp: true,","    stupid: true","*/","(function () {","    'use strict';","    var local;","","","","    // run shared js-env code - pre-init","    (function () {","        // init local","        local = {};","        // init modeJs","        local.modeJs = (function () {","            try {","                return typeof navigator.userAgent === 'string' &&","                    typeof document.querySelector('body') === 'object' &&","                    typeof XMLHttpRequest.prototype.open === 'function' &&","                    'browser';","            } catch (errorCaughtBrowser) {","                return module.exports &&","                    typeof process.versions.node === 'string' &&","                    typeof require('http').createServer === 'function' &&","                    'node';","            }","        }());","        // init global","        local.global = local.modeJs === 'browser'","            ? window","            : global;","        // init utility2_rollup","        local = local.global.utility2_rollup || (local.modeJs === 'browser'","            ? local.global.utility2_npmtest_js_yaml","            : global.utility2_moduleExports);","        // export local","        local.global.local = local;","    }());","    switch (local.modeJs) {","","","","    // post-init","    // run browser js-env code - post-init","    /* istanbul ignore next */","    case 'browser':","        local.testRunBrowser = function (event) {","            if (!event || (event &&","                    event.currentTarget &&","                    event.currentTarget.className &&","                    event.currentTarget.className.includes &&","                    event.currentTarget.className.includes('onreset'))) {","                // reset output","                Array.from(","                    document.querySelectorAll('body > .resettable')","                ).forEach(function (element) {","                    switch (element.tagName) {","                    case 'INPUT':","                    case 'TEXTAREA':","                        element.value = '';","                        break;","                    default:","                        element.textContent = '';","                    }","                });","            }","            switch (event && event.currentTarget && event.currentTarget.id) {","            case 'testRunButton1':","                // show tests","                if (document.querySelector('#testReportDiv1').style.display === 'none') {","                    document.querySelector('#testReportDiv1').style.display = 'block';","                    document.querySelector('#testRunButton1').textContent =","                        'hide internal test';","                    local.modeTest = true;","                    local.testRunDefault(local);","                // hide tests","                } else {","                    document.querySelector('#testReportDiv1').style.display = 'none';","                    document.querySelector('#testRunButton1').textContent = 'run internal test';","                }","                break;","            // custom-case","            default:","                break;","            }","            if (document.querySelector('#inputTextareaEval1') && (!event || (event &&","                    event.currentTarget &&","                    event.currentTarget.className &&","                    event.currentTarget.className.includes &&","                    event.currentTarget.className.includes('oneval')))) {","                // try to eval input-code","                try {","                    /*jslint evil: true*/","                    eval(document.querySelector('#inputTextareaEval1').value);","                } catch (errorCaught) {","                    console.error(errorCaught.stack);","                }","            }","        };","        // log stderr and stdout to #outputTextareaStdout1","        ['error', 'log'].forEach(function (key) {","            console[key + '_original'] = console[key];","            console[key] = function () {","                var element;","                console[key + '_original'].apply(console, arguments);","                element = document.querySelector('#outputTextareaStdout1');","                if (!element) {","                    return;","                }","                // append text to #outputTextareaStdout1","                element.value += Array.from(arguments).map(function (arg) {","                    return typeof arg === 'string'","                        ? arg","                        : JSON.stringify(arg, null, 4);","                }).join(' ') + '\\n';","                // scroll textarea to bottom","                element.scrollTop = element.scrollHeight;","            };","        });","        // init event-handling","        ['change', 'click', 'keyup'].forEach(function (event) {","            Array.from(document.querySelectorAll('.on' + event)).forEach(function (element) {","                element.addEventListener(event, local.testRunBrowser);","            });","        });","        // run tests","        local.testRunBrowser();","        break;","","","","    // run node js-env code - post-init","    /* istanbul ignore next */","    case 'node':","        // export local","        module.exports = local;","        // require modules","        local.fs = require('fs');","        local.http = require('http');","        local.url = require('url');","        // init assets","        local.assetsDict = local.assetsDict || {};","        /* jslint-ignore-begin */","        local.assetsDict['/assets.index.template.html'] = '\\","<!doctype html>\\n\\","<html lang=\"en\">\\n\\","<head>\\n\\","<meta charset=\"UTF-8\">\\n\\","<meta name=\"viewport\" content=\"width=device-width, initial-scale=1\">\\n\\","<title>{{env.npm_package_name}} (v{{env.npm_package_version}})</title>\\n\\","<style>\\n\\","/*csslint\\n\\","    box-sizing: false,\\n\\","    universal-selector: false\\n\\","*/\\n\\","* {\\n\\","    box-sizing: border-box;\\n\\","}\\n\\","body {\\n\\","    background: #dde;\\n\\","    font-family: Arial, Helvetica, sans-serif;\\n\\","    margin: 2rem;\\n\\","}\\n\\","body > * {\\n\\","    margin-bottom: 1rem;\\n\\","}\\n\\",".utility2FooterDiv {\\n\\","    margin-top: 20px;\\n\\","    text-align: center;\\n\\","}\\n\\","</style>\\n\\","<style>\\n\\","/*csslint\\n\\","*/\\n\\","textarea {\\n\\","    font-family: monospace;\\n\\","    height: 10rem;\\n\\","    width: 100%;\\n\\","}\\n\\","textarea[readonly] {\\n\\","    background: #ddd;\\n\\","}\\n\\","</style>\\n\\","</head>\\n\\","<body>\\n\\","<!-- utility2-comment\\n\\","<div id=\"ajaxProgressDiv1\" style=\"background: #d00; height: 2px; left: 0; margin: 0; padding: 0; position: fixed; top: 0; transition: background 0.5s, width 1.5s; width: 25%;\"></div>\\n\\","utility2-comment -->\\n\\","<h1>\\n\\","<!-- utility2-comment\\n\\","    <a\\n\\","        {{#if env.npm_package_homepage}}\\n\\","        href=\"{{env.npm_package_homepage}}\"\\n\\","        {{/if env.npm_package_homepage}}\\n\\","        target=\"_blank\"\\n\\","    >\\n\\","utility2-comment -->\\n\\","        {{env.npm_package_name}} (v{{env.npm_package_version}})\\n\\","<!-- utility2-comment\\n\\","    </a>\\n\\","utility2-comment -->\\n\\","</h1>\\n\\","<h3>{{env.npm_package_description}}</h3>\\n\\","<!-- utility2-comment\\n\\","<h4><a download href=\"assets.app.js\">download standalone app</a></h4>\\n\\","<button class=\"onclick onreset\" id=\"testRunButton1\">run internal test</button><br>\\n\\","<div id=\"testReportDiv1\" style=\"display: none;\"></div>\\n\\","utility2-comment -->\\n\\","\\n\\","\\n\\","\\n\\","<label>stderr and stdout</label>\\n\\","<textarea class=\"resettable\" id=\"outputTextareaStdout1\" readonly></textarea>\\n\\","<!-- utility2-comment\\n\\","{{#if isRollup}}\\n\\","<script src=\"assets.app.js\"></script>\\n\\","{{#unless isRollup}}\\n\\","utility2-comment -->\\n\\","<script src=\"assets.utility2.rollup.js\"></script>\\n\\","<script src=\"jsonp.utility2._stateInit?callback=window.utility2._stateInit\"></script>\\n\\","<script src=\"assets.npmtest_js_yaml.rollup.js\"></script>\\n\\","<script src=\"assets.example.js\"></script>\\n\\","<script src=\"assets.test.js\"></script>\\n\\","<!-- utility2-comment\\n\\","{{/if isRollup}}\\n\\","utility2-comment -->\\n\\","<div class=\"utility2FooterDiv\">\\n\\","    [ this app was created with\\n\\","    <a href=\"https://github.com/kaizhu256/node-utility2\" target=\"_blank\">utility2</a>\\n\\","    ]\\n\\","</div>\\n\\","</body>\\n\\","</html>\\n\\","';","        /* jslint-ignore-end */","        if (local.templateRender) {","            local.assetsDict['/'] = local.templateRender(","                local.assetsDict['/assets.index.template.html'],","                {","                    env: local.objectSetDefault(local.env, {","                        npm_package_description: 'the greatest app in the world!',","                        npm_package_name: 'my-app',","                        npm_package_nameAlias: 'my_app',","                        npm_package_version: '0.0.1'","                    })","                }","            );","        } else {","            local.assetsDict['/'] = local.assetsDict['/assets.index.template.html']","                .replace((/\\{\\{env\\.(\\w+?)\\}\\}/g), function (match0, match1) {","                    // jslint-hack","                    String(match0);","                    switch (match1) {","                    case 'npm_package_description':","                        return 'the greatest app in the world!';","                    case 'npm_package_name':","                        return 'my-app';","                    case 'npm_package_nameAlias':","                        return 'my_app';","                    case 'npm_package_version':","                        return '0.0.1';","                    }","                });","        }","        // run the cli","        if (local.global.utility2_rollup || module !== require.main) {","            break;","        }","        local.assetsDict['/assets.example.js'] =","            local.assetsDict['/assets.example.js'] ||","            local.fs.readFileSync(__filename, 'utf8');","        local.assetsDict['/assets.npmtest_js_yaml.rollup.js'] =","            local.assetsDict['/assets.npmtest_js_yaml.rollup.js'] ||","            local.fs.readFileSync(","                // buildCustomOrg-hack","                local.npmtest_js_yaml.__dirname +","                    '/lib.npmtest_js_yaml.js',","                'utf8'","            ).replace((/^#!/), '//');","        local.assetsDict['/favicon.ico'] = local.assetsDict['/favicon.ico'] || '';","        // if $npm_config_timeout_exit exists,","        // then exit this process after $npm_config_timeout_exit ms","        if (Number(process.env.npm_config_timeout_exit)) {","            setTimeout(process.exit, Number(process.env.npm_config_timeout_exit));","        }","        // start server","        if (local.global.utility2_serverHttp1) {","            break;","        }","        process.env.PORT = process.env.PORT || '8081';","        console.error('server starting on port ' + process.env.PORT);","        local.http.createServer(function (request, response) {","            request.urlParsed = local.url.parse(request.url);","            if (local.assetsDict[request.urlParsed.pathname] !== undefined) {","                response.end(local.assetsDict[request.urlParsed.pathname]);","                return;","            }","            response.statusCode = 404;","            response.end();","        }).listen(process.env.PORT);","        break;","    }","}());",""],"l":{"26":2,"28":2,"33":2,"35":2,"37":2,"38":2,"39":2,"44":1,"51":2,"55":2,"59":2,"61":2,"69":1,"70":2,"76":2,"79":2,"82":2,"83":2,"85":1,"89":2,"92":1,"93":1,"94":1,"96":1,"97":1,"100":1,"101":1,"103":1,"106":1,"108":2,"114":1,"116":1,"118":1,"123":1,"124":2,"125":2,"126":2,"127":2,"128":2,"129":2,"130":1,"133":2,"134":2,"139":2,"143":1,"144":3,"145":1,"149":1,"150":1,"158":1,"160":1,"161":1,"162":1,"164":1,"166":1,"258":1,"259":1,"271":1,"274":6,"275":6,"277":1,"279":2,"281":1,"283":2,"288":1,"289":1,"291":1,"294":1,"302":1,"305":1,"306":1,"309":1,"310":1,"312":1,"313":1,"314":1,"315":1,"316":1,"317":1,"318":1,"320":1,"321":1,"323":1}},"/home/travis/build/npmtest/node-npmtest-js-yaml/js-yaml/index.js":{"path":"/home/travis/build/npmtest/node-npmtest-js-yaml/js-yaml/index.js","s":{"1":1,"2":1},"b":{},"f":{},"fnMap":{},"statementMap":{"1":{"start":{"line":4,"column":0},"end":{"line":4,"column":39}},"2":{"start":{"line":7,"column":0},"end":{"line":7,"column":22}}},"branchMap":{},"code":["'use strict';","","","var yaml = require('./lib/js-yaml.js');","","","module.exports = yaml;",""],"l":{"4":1,"7":1}},"/home/travis/build/npmtest/node-npmtest-js-yaml/js-yaml/lib/js-yaml.js":{"path":"/home/travis/build/npmtest/node-npmtest-js-yaml/js-yaml/lib/js-yaml.js","s":{"1":1,"2":1,"3":1,"4":4,"5":0,"6":1,"7":1,"8":1,"9":1,"10":1,"11":1,"12":1,"13":1,"14":1,"15":1,"16":1,"17":1,"18":1,"19":1,"20":1,"21":1,"22":1,"23":1,"24":1,"25":1,"26":1},"b":{},"f":{"1":4,"2":0},"fnMap":{"1":{"name":"deprecated","line":8,"loc":{"start":{"line":8,"column":0},"end":{"line":8,"column":26}}},"2":{"name":"(anonymous_2)","line":9,"loc":{"start":{"line":9,"column":9},"end":{"line":9,"column":21}}}},"statementMap":{"1":{"start":{"line":4,"column":0},"end":{"line":4,"column":41}},"2":{"start":{"line":5,"column":0},"end":{"line":5,"column":41}},"3":{"start":{"line":8,"column":0},"end":{"line":12,"column":1}},"4":{"start":{"line":9,"column":2},"end":{"line":11,"column":4}},"5":{"start":{"line":10,"column":4},"end":{"line":10,"column":79}},"6":{"start":{"line":15,"column":0},"end":{"line":15,"column":63}},"7":{"start":{"line":16,"column":0},"end":{"line":16,"column":65}},"8":{"start":{"line":17,"column":0},"end":{"line":17,"column":74}},"9":{"start":{"line":18,"column":0},"end":{"line":18,"column":70}},"10":{"start":{"line":19,"column":0},"end":{"line":19,"column":70}},"11":{"start":{"line":20,"column":0},"end":{"line":20,"column":78}},"12":{"start":{"line":21,"column":0},"end":{"line":21,"column":78}},"13":{"start":{"line":22,"column":0},"end":{"line":22,"column":49}},"14":{"start":{"line":23,"column":0},"end":{"line":23,"column":52}},"15":{"start":{"line":24,"column":0},"end":{"line":24,"column":53}},"16":{"start":{"line":25,"column":0},"end":{"line":25,"column":56}},"17":{"start":{"line":26,"column":0},"end":{"line":26,"column":49}},"18":{"start":{"line":27,"column":0},"end":{"line":27,"column":53}},"19":{"start":{"line":28,"column":0},"end":{"line":28,"column":68}},"20":{"start":{"line":31,"column":0},"end":{"line":31,"column":69}},"21":{"start":{"line":32,"column":0},"end":{"line":32,"column":73}},"22":{"start":{"line":33,"column":0},"end":{"line":33,"column":73}},"23":{"start":{"line":36,"column":0},"end":{"line":36,"column":51}},"24":{"start":{"line":37,"column":0},"end":{"line":37,"column":52}},"25":{"start":{"line":38,"column":0},"end":{"line":38,"column":54}},"26":{"start":{"line":39,"column":0},"end":{"line":39,"column":61}}},"branchMap":{},"code":["'use strict';","","","var loader = require('./js-yaml/loader');","var dumper = require('./js-yaml/dumper');","","","function deprecated(name) {","  return function () {","    throw new Error('Function ' + name + ' is deprecated and cannot be used.');","  };","}","","","module.exports.Type                = require('./js-yaml/type');","module.exports.Schema              = require('./js-yaml/schema');","module.exports.FAILSAFE_SCHEMA     = require('./js-yaml/schema/failsafe');","module.exports.JSON_SCHEMA         = require('./js-yaml/schema/json');","module.exports.CORE_SCHEMA         = require('./js-yaml/schema/core');","module.exports.DEFAULT_SAFE_SCHEMA = require('./js-yaml/schema/default_safe');","module.exports.DEFAULT_FULL_SCHEMA = require('./js-yaml/schema/default_full');","module.exports.load                = loader.load;","module.exports.loadAll             = loader.loadAll;","module.exports.safeLoad            = loader.safeLoad;","module.exports.safeLoadAll         = loader.safeLoadAll;","module.exports.dump                = dumper.dump;","module.exports.safeDump            = dumper.safeDump;","module.exports.YAMLException       = require('./js-yaml/exception');","","// Deprecated schema names from JS-YAML 2.0.x","module.exports.MINIMAL_SCHEMA = require('./js-yaml/schema/failsafe');","module.exports.SAFE_SCHEMA    = require('./js-yaml/schema/default_safe');","module.exports.DEFAULT_SCHEMA = require('./js-yaml/schema/default_full');","","// Deprecated functions from JS-YAML 1.x.x","module.exports.scan           = deprecated('scan');","module.exports.parse          = deprecated('parse');","module.exports.compose        = deprecated('compose');","module.exports.addConstructor = deprecated('addConstructor');",""],"l":{"4":1,"5":1,"8":1,"9":4,"10":0,"15":1,"16":1,"17":1,"18":1,"19":1,"20":1,"21":1,"22":1,"23":1,"24":1,"25":1,"26":1,"27":1,"28":1,"31":1,"32":1,"33":1,"36":1,"37":1,"38":1,"39":1}},"/home/travis/build/npmtest/node-npmtest-js-yaml/js-yaml/lib/js-yaml/loader.js":{"path":"/home/travis/build/npmtest/node-npmtest-js-yaml/js-yaml/lib/js-yaml/loader.js","s":{"1":1,"2":1,"3":1,"4":1,"5":1,"6":1,"7":1,"8":1,"9":1,"10":1,"11":1,"12":1,"13":1,"14":1,"15":1,"16":1,"17":1,"18":1,"19":1,"20":0,"21":1,"22":0,"23":1,"24":0,"25":1,"26":0,"27":1,"28":0,"29":0,"30":0,"31":0,"32":0,"33":0,"34":0,"35":1,"36":0,"37":0,"38":0,"39":0,"40":0,"41":0,"42":0,"43":1,"44":0,"45":0,"46":0,"47":1,"48":512,"49":1,"50":0,"51":0,"52":0,"53":1,"54":1,"55":1,"56":256,"57":256,"58":1,"59":0,"60":0,"61":0,"62":0,"63":0,"64":0,"65":0,"66":0,"67":0,"68":0,"69":0,"70":0,"71":0,"72":0,"73":0,"74":1,"75":0,"76":1,"77":0,"78":1,"79":0,"80":0,"81":1,"82":0,"83":0,"84":0,"85":0,"86":0,"87":0,"88":0,"89":0,"90":0,"91":0,"92":0,"93":0,"94":0,"95":0,"96":0,"97":0,"98":0,"99":0,"100":0,"101":0,"102":0,"103":0,"104":0,"105":0,"106":0,"107":0,"108":0,"109":0,"110":1,"111":0,"112":0,"113":0,"114":0,"115":0,"116":0,"117":0,"118":0,"119":0,"120":0,"121":0,"122":1,"123":0,"124":0,"125":0,"126":0,"127":0,"128":0,"129":0,"130":0,"131":0,"132":1,"133":0,"134":0,"135":0,"136":0,"137":0,"138":0,"139":0,"140":0,"141":0,"142":0,"143":0,"144":0,"145":0,"146":0,"147":0,"148":0,"149":1,"150":0,"151":0,"152":0,"153":0,"154":0,"155":0,"156":0,"157":0,"158":0,"159":0,"160":0,"161":1,"162":0,"163":0,"164":0,"165":0,"166":0,"167":0,"168":0,"169":0,"170":0,"171":0,"172":0,"173":0,"174":0,"175":0,"176":0,"177":0,"178":0,"179":0,"180":0,"181":1,"182":0,"183":0,"184":0,"185":0,"186":0,"187":0,"188":0,"189":0,"190":1,"191":0,"192":0,"193":0,"194":0,"195":1,"196":0,"197":0,"198":0,"199":0,"200":0,"201":0,"202":0,"203":0,"204":0,"205":0,"206":0,"207":0,"208":0,"209":0,"210":0,"211":0,"212":0,"213":0,"214":0,"215":0,"216":0,"217":0,"218":0,"219":0,"220":0,"221":0,"222":0,"223":0,"224":0,"225":0,"226":0,"227":0,"228":0,"229":0,"230":0,"231":0,"232":0,"233":0,"234":0,"235":0,"236":0,"237":0,"238":0,"239":0,"240":0,"241":0,"242":0,"243":0,"244":0,"245":0,"246":0,"247":1,"248":0,"249":0,"250":0,"251":0,"252":0,"253":0,"254":0,"255":0,"256":0,"257":0,"258":0,"259":0,"260":0,"261":0,"262":0,"263":0,"264":0,"265":0,"266":0,"267":0,"268":0,"269":0,"270":0,"271":0,"272":0,"273":0,"274":1,"275":0,"276":0,"277":0,"278":0,"279":0,"280":0,"281":0,"282":0,"283":0,"284":0,"285":0,"286":0,"287":0,"288":0,"289":0,"290":0,"291":0,"292":0,"293":0,"294":0,"295":0,"296":0,"297":0,"298":0,"299":0,"300":0,"301":0,"302":0,"303":0,"304":0,"305":0,"306":0,"307":0,"308":0,"309":0,"310":0,"311":0,"312":0,"313":0,"314":0,"315":0,"316":0,"317":1,"318":0,"319":0,"320":0,"321":0,"322":0,"323":0,"324":0,"325":0,"326":0,"327":0,"328":0,"329":0,"330":0,"331":0,"332":0,"333":0,"334":0,"335":0,"336":0,"337":0,"338":0,"339":0,"340":0,"341":0,"342":0,"343":0,"344":0,"345":0,"346":0,"347":0,"348":0,"349":0,"350":0,"351":0,"352":0,"353":0,"354":0,"355":0,"356":0,"357":0,"358":0,"359":0,"360":0,"361":0,"362":0,"363":0,"364":0,"365":0,"366":0,"367":0,"368":0,"369":0,"370":0,"371":0,"372":0,"373":0,"374":0,"375":0,"376":1,"377":0,"378":0,"379":0,"380":0,"381":0,"382":0,"383":0,"384":0,"385":0,"386":0,"387":0,"388":0,"389":0,"390":0,"391":0,"392":0,"393":0,"394":0,"395":0,"396":0,"397":0,"398":0,"399":0,"400":0,"401":0,"402":0,"403":0,"404":0,"405":0,"406":0,"407":0,"408":0,"409":0,"410":0,"411":0,"412":0,"413":0,"414":0,"415":0,"416":0,"417":0,"418":0,"419":0,"420":0,"421":0,"422":0,"423":0,"424":0,"425":0,"426":0,"427":0,"428":0,"429":0,"430":0,"431":0,"432":0,"433":0,"434":0,"435":0,"436":0,"437":0,"438":0,"439":0,"440":0,"441":0,"442":0,"443":0,"444":0,"445":1,"446":0,"447":0,"448":0,"449":0,"450":0,"451":0,"452":0,"453":0,"454":0,"455":0,"456":0,"457":0,"458":0,"459":0,"460":0,"461":0,"462":0,"463":0,"464":0,"465":0,"466":0,"467":0,"468":0,"469":0,"470":0,"471":0,"472":0,"473":0,"474":0,"475":0,"476":0,"477":0,"478":0,"479":1,"480":0,"481":0,"482":0,"483":0,"484":0,"485":0,"486":0,"487":0,"488":0,"489":0,"490":0,"491":0,"492":0,"493":0,"494":0,"495":0,"496":0,"497":0,"498":0,"499":0,"500":0,"501":0,"502":0,"503":0,"504":0,"505":0,"506":0,"507":0,"508":0,"509":0,"510":0,"511":0,"512":0,"513":0,"514":0,"515":0,"516":0,"517":0,"518":0,"519":0,"520":0,"521":0,"522":0,"523":0,"524":0,"525":0,"526":0,"527":0,"528":0,"529":0,"530":0,"531":0,"532":0,"533":0,"534":0,"535":0,"536":0,"537":0,"538":0,"539":0,"540":0,"541":0,"542":0,"543":0,"544":0,"545":0,"546":0,"547":0,"548":0,"549":0,"550":0,"551":0,"552":1,"553":0,"554":0,"555":0,"556":0,"557":0,"558":0,"559":0,"560":0,"561":0,"562":0,"563":0,"564":0,"565":0,"566":0,"567":0,"568":0,"569":0,"570":0,"571":0,"572":0,"573":0,"574":0,"575":0,"576":0,"577":0,"578":0,"579":0,"580":0,"581":0,"582":0,"583":0,"584":0,"585":0,"586":0,"587":0,"588":0,"589":0,"590":0,"591":0,"592":0,"593":0,"594":0,"595":0,"596":0,"597":0,"598":0,"599":0,"600":0,"601":1,"602":0,"603":0,"604":0,"605":0,"606":0,"607":0,"608":0,"609":0,"610":0,"611":0,"612":0,"613":0,"614":0,"615":0,"616":1,"617":0,"618":0,"619":0,"620":0,"621":0,"622":0,"623":0,"624":0,"625":0,"626":0,"627":0,"628":0,"629":0,"630":0,"631":0,"632":0,"633":1,"634":0,"635":0,"636":0,"637":0,"638":0,"639":0,"640":0,"641":0,"642":0,"643":0,"644":0,"645":0,"646":0,"647":0,"648":0,"649":0,"650":0,"651":0,"652":0,"653":0,"654":0,"655":0,"656":0,"657":0,"658":0,"659":0,"660":0,"661":0,"662":0,"663":0,"664":0,"665":0,"666":0,"667":0,"668":0,"669":0,"670":0,"671":0,"672":0,"673":0,"674":0,"675":0,"676":0,"677":0,"678":0,"679":0,"680":0,"681":0,"682":0,"683":0,"684":0,"685":0,"686":0,"687":0,"688":0,"689":0,"690":0,"691":0,"692":0,"693":0,"694":0,"695":0,"696":0,"697":0,"698":0,"699":0,"700":0,"701":0,"702":0,"703":0,"704":0,"705":0,"706":0,"707":0,"708":0,"709":0,"710":1,"711":0,"712":0,"713":0,"714":0,"715":0,"716":0,"717":0,"718":0,"719":0,"720":0,"721":0,"722":0,"723":0,"724":0,"725":0,"726":0,"727":0,"728":0,"729":0,"730":0,"731":0,"732":0,"733":0,"734":0,"735":0,"736":0,"737":0,"738":0,"739":0,"740":0,"741":0,"742":0,"743":0,"744":0,"745":0,"746":0,"747":0,"748":0,"749":0,"750":0,"751":0,"752":0,"753":0,"754":0,"755":0,"756":0,"757":0,"758":0,"759":0,"760":0,"761":0,"762":0,"763":0,"764":0,"765":0,"766":0,"767":1,"768":0,"769":0,"770":0,"771":0,"772":0,"773":0,"774":0,"775":0,"776":0,"777":0,"778":0,"779":0,"780":0,"781":0,"782":0,"783":1,"784":0,"785":0,"786":0,"787":1,"788":0,"789":0,"790":0,"791":0,"792":0,"793":0,"794":1,"795":0,"796":1,"797":0,"798":1,"799":1,"800":1,"801":1},"b":{"1":[0,0],"2":[0,0],"3":[0,0,0,0],"4":[0,0,0,0,0],"5":[0,0],"6":[0,0],"7":[0,0],"8":[0,0],"9":[0,0],"10":[0,0],"11":[0,0],"12":[0,0],"13":[0,0],"14":[2,510],"15":[2,508],"16":[2,506],"17":[2,504],"18":[2,502],"19":[2,500],"20":[2,498],"21":[2,496],"22":[2,494],"23":[2,492],"24":[2,490],"25":[2,488],"26":[2,486],"27":[2,484],"28":[2,482],"29":[2,480],"30":[2,478],"31":[2,476],"32":[0,0],"33":[18,238],"34":[0,0],"35":[0,0],"36":[0,0],"37":[0,0],"38":[0,0],"39":[0,0],"40":[0,0],"41":[0,0],"42":[0,0],"43":[0,0],"44":[0,0],"45":[0,0],"46":[0,0],"47":[0,0],"48":[0,0],"49":[0,0],"50":[0,0],"51":[0,0],"52":[0,0],"53":[0,0],"54":[0,0,0],"55":[0,0],"56":[0,0],"57":[0,0],"58":[0,0],"59":[0,0],"60":[0,0],"61":[0,0],"62":[0,0,0],"63":[0,0],"64":[0,0],"65":[0,0],"66":[0,0],"67":[0,0],"68":[0,0],"69":[0,0],"70":[0,0,0],"71":[0,0],"72":[0,0],"73":[0,0,0],"74":[0,0],"75":[0,0,0,0],"76":[0,0],"77":[0,0],"78":[0,0],"79":[0,0],"80":[0,0],"81":[0,0,0,0,0,0,0,0,0,0,0,0,0],"82":[0,0],"83":[0,0],"84":[0,0],"85":[0,0,0],"86":[0,0],"87":[0,0],"88":[0,0,0],"89":[0,0],"90":[0,0],"91":[0,0],"92":[0,0,0,0],"93":[0,0],"94":[0,0],"95":[0,0],"96":[0,0],"97":[0,0],"98":[0,0],"99":[0,0],"100":[0,0],"101":[0,0],"102":[0,0],"103":[0,0],"104":[0,0],"105":[0,0],"106":[0,0],"107":[0,0],"108":[0,0],"109":[0,0],"110":[0,0],"111":[0,0],"112":[0,0],"113":[0,0],"114":[0,0],"115":[0,0],"116":[0,0],"117":[0,0],"118":[0,0],"119":[0,0],"120":[0,0],"121":[0,0],"122":[0,0],"123":[0,0],"124":[0,0,0],"125":[0,0],"126":[0,0],"127":[0,0],"128":[0,0],"129":[0,0],"130":[0,0],"131":[0,0],"132":[0,0],"133":[0,0],"134":[0,0],"135":[0,0],"136":[0,0],"137":[0,0],"138":[0,0],"139":[0,0],"140":[0,0,0],"141":[0,0],"142":[0,0],"143":[0,0],"144":[0,0],"145":[0,0],"146":[0,0],"147":[0,0],"148":[0,0],"149":[0,0],"150":[0,0],"151":[0,0],"152":[0,0],"153":[0,0],"154":[0,0],"155":[0,0],"156":[0,0],"157":[0,0],"158":[0,0],"159":[0,0],"160":[0,0],"161":[0,0],"162":[0,0],"163":[0,0,0],"164":[0,0],"165":[0,0],"166":[0,0],"167":[0,0],"168":[0,0,0],"169":[0,0],"170":[0,0],"171":[0,0],"172":[0,0],"173":[0,0],"174":[0,0],"175":[0,0],"176":[0,0],"177":[0,0],"178":[0,0],"179":[0,0],"180":[0,0],"181":[0,0],"182":[0,0],"183":[0,0],"184":[0,0],"185":[0,0],"186":[0,0],"187":[0,0],"188":[0,0],"189":[0,0],"190":[0,0],"191":[0,0],"192":[0,0],"193":[0,0],"194":[0,0],"195":[0,0],"196":[0,0],"197":[0,0],"198":[0,0],"199":[0,0],"200":[0,0],"201":[0,0],"202":[0,0],"203":[0,0],"204":[0,0],"205":[0,0],"206":[0,0],"207":[0,0],"208":[0,0],"209":[0,0,0],"210":[0,0],"211":[0,0],"212":[0,0,0],"213":[0,0],"214":[0,0],"215":[0,0],"216":[0,0],"217":[0,0],"218":[0,0],"219":[0,0],"220":[0,0],"221":[0,0],"222":[0,0],"223":[0,0],"224":[0,0],"225":[0,0],"226":[0,0],"227":[0,0],"228":[0,0],"229":[0,0],"230":[0,0],"231":[0,0],"232":[0,0],"233":[0,0],"234":[0,0],"235":[0,0],"236":[0,0,0,0],"237":[0,0],"238":[0,0,0,0],"239":[0,0],"240":[0,0],"241":[0,0],"242":[0,0],"243":[0,0],"244":[0,0],"245":[0,0],"246":[0,0],"247":[0,0],"248":[0,0],"249":[0,0],"250":[0,0],"251":[0,0],"252":[0,0],"253":[0,0],"254":[0,0],"255":[0,0],"256":[0,0],"257":[0,0],"258":[0,0],"259":[0,0],"260":[0,0,0],"261":[0,0],"262":[0,0],"263":[0,0],"264":[0,0],"265":[0,0],"266":[0,0],"267":[0,0],"268":[0,0],"269":[0,0],"270":[0,0],"271":[0,0],"272":[0,0,0,0],"273":[0,0],"274":[0,0],"275":[0,0],"276":[0,0],"277":[0,0],"278":[0,0],"279":[0,0],"280":[0,0],"281":[0,0],"282":[0,0],"283":[0,0],"284":[0,0],"285":[0,0],"286":[0,0]},"f":{"1":0,"2":0,"3":0,"4":0,"5":0,"6":0,"7":0,"8":512,"9":0,"10":0,"11":0,"12":0,"13":0,"14":0,"15":0,"16":0,"17":0,"18":0,"19":0,"20":0,"21":0,"22":0,"23":0,"24":0,"25":0,"26":0,"27":0,"28":0,"29":0,"30":0,"31":0,"32":0,"33":0,"34":0,"35":0,"36":0,"37":0,"38":0,"39":0},"fnMap":{"1":{"name":"is_EOL","line":33,"loc":{"start":{"line":33,"column":0},"end":{"line":33,"column":19}}},"2":{"name":"is_WHITE_SPACE","line":37,"loc":{"start":{"line":37,"column":0},"end":{"line":37,"column":27}}},"3":{"name":"is_WS_OR_EOL","line":41,"loc":{"start":{"line":41,"column":0},"end":{"line":41,"column":25}}},"4":{"name":"is_FLOW_INDICATOR","line":48,"loc":{"start":{"line":48,"column":0},"end":{"line":48,"column":30}}},"5":{"name":"fromHexCode","line":56,"loc":{"start":{"line":56,"column":0},"end":{"line":56,"column":24}}},"6":{"name":"escapedHexLen","line":73,"loc":{"start":{"line":73,"column":0},"end":{"line":73,"column":26}}},"7":{"name":"fromDecimalCode","line":80,"loc":{"start":{"line":80,"column":0},"end":{"line":80,"column":28}}},"8":{"name":"simpleEscapeSequence","line":88,"loc":{"start":{"line":88,"column":0},"end":{"line":88,"column":33}}},"9":{"name":"charFromCodepoint","line":109,"loc":{"start":{"line":109,"column":0},"end":{"line":109,"column":30}}},"10":{"name":"State","line":127,"loc":{"start":{"line":127,"column":0},"end":{"line":127,"column":31}}},"11":{"name":"generateError","line":161,"loc":{"start":{"line":161,"column":0},"end":{"line":161,"column":39}}},"12":{"name":"throwError","line":167,"loc":{"start":{"line":167,"column":0},"end":{"line":167,"column":36}}},"13":{"name":"throwWarning","line":171,"loc":{"start":{"line":171,"column":0},"end":{"line":171,"column":38}}},"14":{"name":"handleYamlDirective","line":180,"loc":{"start":{"line":180,"column":8},"end":{"line":180,"column":56}}},"15":{"name":"handleTagDirective","line":213,"loc":{"start":{"line":213,"column":7},"end":{"line":213,"column":54}}},"16":{"name":"captureSegment","line":241,"loc":{"start":{"line":241,"column":0},"end":{"line":241,"column":54}}},"17":{"name":"mergeMappings","line":265,"loc":{"start":{"line":265,"column":0},"end":{"line":265,"column":68}}},"18":{"name":"storeMappingPair","line":284,"loc":{"start":{"line":284,"column":0},"end":{"line":284,"column":108}}},"19":{"name":"readLineBreak","line":316,"loc":{"start":{"line":316,"column":0},"end":{"line":316,"column":30}}},"20":{"name":"skipSeparationSpace","line":336,"loc":{"start":{"line":336,"column":0},"end":{"line":336,"column":64}}},"21":{"name":"testDocumentSeparator","line":374,"loc":{"start":{"line":374,"column":0},"end":{"line":374,"column":38}}},"22":{"name":"writeFoldedLines","line":398,"loc":{"start":{"line":398,"column":0},"end":{"line":398,"column":40}}},"23":{"name":"readPlainScalar","line":407,"loc":{"start":{"line":407,"column":0},"end":{"line":407,"column":66}}},"24":{"name":"readSingleQuotedScalar","line":516,"loc":{"start":{"line":516,"column":0},"end":{"line":516,"column":51}}},"25":{"name":"readDoubleQuotedScalar","line":561,"loc":{"start":{"line":561,"column":0},"end":{"line":561,"column":51}}},"26":{"name":"readFlowCollection","line":640,"loc":{"start":{"line":640,"column":0},"end":{"line":640,"column":47}}},"27":{"name":"readBlockScalar","line":745,"loc":{"start":{"line":745,"column":0},"end":{"line":745,"column":44}}},"28":{"name":"readBlockSequence","line":888,"loc":{"start":{"line":888,"column":0},"end":{"line":888,"column":46}}},"29":{"name":"readBlockMapping","line":950,"loc":{"start":{"line":950,"column":0},"end":{"line":950,"column":57}}},"30":{"name":"readTagProperty","line":1105,"loc":{"start":{"line":1105,"column":0},"end":{"line":1105,"column":32}}},"31":{"name":"readAnchorProperty","line":1199,"loc":{"start":{"line":1199,"column":0},"end":{"line":1199,"column":35}}},"32":{"name":"readAlias","line":1226,"loc":{"start":{"line":1226,"column":0},"end":{"line":1226,"column":26}}},"33":{"name":"composeNode","line":1256,"loc":{"start":{"line":1256,"column":0},"end":{"line":1256,"column":82}}},"34":{"name":"readDocument","line":1412,"loc":{"start":{"line":1412,"column":0},"end":{"line":1412,"column":29}}},"35":{"name":"loadDocuments","line":1520,"loc":{"start":{"line":1520,"column":0},"end":{"line":1520,"column":39}}},"36":{"name":"loadAll","line":1556,"loc":{"start":{"line":1556,"column":0},"end":{"line":1556,"column":43}}},"37":{"name":"load","line":1565,"loc":{"start":{"line":1565,"column":0},"end":{"line":1565,"column":30}}},"38":{"name":"safeLoadAll","line":1578,"loc":{"start":{"line":1578,"column":0},"end":{"line":1578,"column":45}}},"39":{"name":"safeLoad","line":1583,"loc":{"start":{"line":1583,"column":0},"end":{"line":1583,"column":34}}}},"statementMap":{"1":{"start":{"line":5,"column":0},"end":{"line":5,"column":46}},"2":{"start":{"line":6,"column":0},"end":{"line":6,"column":49}},"3":{"start":{"line":7,"column":0},"end":{"line":7,"column":44}},"4":{"start":{"line":8,"column":0},"end":{"line":8,"column":59}},"5":{"start":{"line":9,"column":0},"end":{"line":9,"column":59}},"6":{"start":{"line":12,"column":0},"end":{"line":12,"column":54}},"7":{"start":{"line":15,"column":0},"end":{"line":15,"column":26}},"8":{"start":{"line":16,"column":0},"end":{"line":16,"column":26}},"9":{"start":{"line":17,"column":0},"end":{"line":17,"column":26}},"10":{"start":{"line":18,"column":0},"end":{"line":18,"column":26}},"11":{"start":{"line":21,"column":0},"end":{"line":21,"column":23}},"12":{"start":{"line":22,"column":0},"end":{"line":22,"column":23}},"13":{"start":{"line":23,"column":0},"end":{"line":23,"column":23}},"14":{"start":{"line":26,"column":0},"end":{"line":26,"column":170}},"15":{"start":{"line":27,"column":0},"end":{"line":27,"column":57}},"16":{"start":{"line":28,"column":0},"end":{"line":28,"column":50}},"17":{"start":{"line":29,"column":0},"end":{"line":29,"column":61}},"18":{"start":{"line":30,"column":0},"end":{"line":30,"column":119}},"19":{"start":{"line":33,"column":0},"end":{"line":35,"column":1}},"20":{"start":{"line":34,"column":2},"end":{"line":34,"column":54}},"21":{"start":{"line":37,"column":0},"end":{"line":39,"column":1}},"22":{"start":{"line":38,"column":2},"end":{"line":38,"column":58}},"23":{"start":{"line":41,"column":0},"end":{"line":46,"column":1}},"24":{"start":{"line":42,"column":2},"end":{"line":45,"column":30}},"25":{"start":{"line":48,"column":0},"end":{"line":54,"column":1}},"26":{"start":{"line":49,"column":2},"end":{"line":53,"column":27}},"27":{"start":{"line":56,"column":0},"end":{"line":71,"column":1}},"28":{"start":{"line":57,"column":2},"end":{"line":57,"column":9}},"29":{"start":{"line":59,"column":2},"end":{"line":61,"column":3}},"30":{"start":{"line":60,"column":4},"end":{"line":60,"column":20}},"31":{"start":{"line":64,"column":2},"end":{"line":64,"column":16}},"32":{"start":{"line":66,"column":2},"end":{"line":68,"column":3}},"33":{"start":{"line":67,"column":4},"end":{"line":67,"column":26}},"34":{"start":{"line":70,"column":2},"end":{"line":70,"column":12}},"35":{"start":{"line":73,"column":0},"end":{"line":78,"column":1}},"36":{"start":{"line":74,"column":2},"end":{"line":74,"column":38}},"37":{"start":{"line":74,"column":27},"end":{"line":74,"column":36}},"38":{"start":{"line":75,"column":2},"end":{"line":75,"column":38}},"39":{"start":{"line":75,"column":27},"end":{"line":75,"column":36}},"40":{"start":{"line":76,"column":2},"end":{"line":76,"column":38}},"41":{"start":{"line":76,"column":27},"end":{"line":76,"column":36}},"42":{"start":{"line":77,"column":2},"end":{"line":77,"column":11}},"43":{"start":{"line":80,"column":0},"end":{"line":86,"column":1}},"44":{"start":{"line":81,"column":2},"end":{"line":83,"column":3}},"45":{"start":{"line":82,"column":4},"end":{"line":82,"column":20}},"46":{"start":{"line":85,"column":2},"end":{"line":85,"column":12}},"47":{"start":{"line":88,"column":0},"end":{"line":107,"column":1}},"48":{"start":{"line":89,"column":2},"end":{"line":106,"column":44}},"49":{"start":{"line":109,"column":0},"end":{"line":117,"column":1}},"50":{"start":{"line":110,"column":2},"end":{"line":112,"column":3}},"51":{"start":{"line":111,"column":4},"end":{"line":111,"column":34}},"52":{"start":{"line":115,"column":2},"end":{"line":116,"column":65}},"53":{"start":{"line":119,"column":0},"end":{"line":119,"column":39}},"54":{"start":{"line":120,"column":0},"end":{"line":120,"column":37}},"55":{"start":{"line":121,"column":0},"end":{"line":124,"column":1}},"56":{"start":{"line":122,"column":2},"end":{"line":122,"column":57}},"57":{"start":{"line":123,"column":2},"end":{"line":123,"column":47}},"58":{"start":{"line":127,"column":0},"end":{"line":158,"column":1}},"59":{"start":{"line":128,"column":2},"end":{"line":128,"column":21}},"60":{"start":{"line":130,"column":2},"end":{"line":130,"column":48}},"61":{"start":{"line":131,"column":2},"end":{"line":131,"column":63}},"62":{"start":{"line":132,"column":2},"end":{"line":132,"column":48}},"63":{"start":{"line":133,"column":2},"end":{"line":133,"column":49}},"64":{"start":{"line":134,"column":2},"end":{"line":134,"column":49}},"65":{"start":{"line":135,"column":2},"end":{"line":135,"column":48}},"66":{"start":{"line":137,"column":2},"end":{"line":137,"column":52}},"67":{"start":{"line":138,"column":2},"end":{"line":138,"column":51}},"68":{"start":{"line":140,"column":2},"end":{"line":140,"column":33}},"69":{"start":{"line":141,"column":2},"end":{"line":141,"column":22}},"70":{"start":{"line":142,"column":2},"end":{"line":142,"column":22}},"71":{"start":{"line":143,"column":2},"end":{"line":143,"column":22}},"72":{"start":{"line":144,"column":2},"end":{"line":144,"column":22}},"73":{"start":{"line":146,"column":2},"end":{"line":146,"column":22}},"74":{"start":{"line":161,"column":0},"end":{"line":165,"column":1}},"75":{"start":{"line":162,"column":2},"end":{"line":164,"column":107}},"76":{"start":{"line":167,"column":0},"end":{"line":169,"column":1}},"77":{"start":{"line":168,"column":2},"end":{"line":168,"column":38}},"78":{"start":{"line":171,"column":0},"end":{"line":175,"column":1}},"79":{"start":{"line":172,"column":2},"end":{"line":174,"column":3}},"80":{"start":{"line":173,"column":4},"end":{"line":173,"column":62}},"81":{"start":{"line":178,"column":0},"end":{"line":238,"column":2}},"82":{"start":{"line":182,"column":4},"end":{"line":182,"column":28}},"83":{"start":{"line":184,"column":4},"end":{"line":186,"column":5}},"84":{"start":{"line":185,"column":6},"end":{"line":185,"column":58}},"85":{"start":{"line":188,"column":4},"end":{"line":190,"column":5}},"86":{"start":{"line":189,"column":6},"end":{"line":189,"column":71}},"87":{"start":{"line":192,"column":4},"end":{"line":192,"column":49}},"88":{"start":{"line":194,"column":4},"end":{"line":196,"column":5}},"89":{"start":{"line":195,"column":6},"end":{"line":195,"column":69}},"90":{"start":{"line":198,"column":4},"end":{"line":198,"column":35}},"91":{"start":{"line":199,"column":4},"end":{"line":199,"column":35}},"92":{"start":{"line":201,"column":4},"end":{"line":203,"column":5}},"93":{"start":{"line":202,"column":6},"end":{"line":202,"column":69}},"94":{"start":{"line":205,"column":4},"end":{"line":205,"column":28}},"95":{"start":{"line":206,"column":4},"end":{"line":206,"column":40}},"96":{"start":{"line":208,"column":4},"end":{"line":210,"column":5}},"97":{"start":{"line":209,"column":6},"end":{"line":209,"column":70}},"98":{"start":{"line":215,"column":4},"end":{"line":215,"column":23}},"99":{"start":{"line":217,"column":4},"end":{"line":219,"column":5}},"100":{"start":{"line":218,"column":6},"end":{"line":218,"column":71}},"101":{"start":{"line":221,"column":4},"end":{"line":221,"column":21}},"102":{"start":{"line":222,"column":4},"end":{"line":222,"column":21}},"103":{"start":{"line":224,"column":4},"end":{"line":226,"column":5}},"104":{"start":{"line":225,"column":6},"end":{"line":225,"column":87}},"105":{"start":{"line":228,"column":4},"end":{"line":230,"column":5}},"106":{"start":{"line":229,"column":6},"end":{"line":229,"column":97}},"107":{"start":{"line":232,"column":4},"end":{"line":234,"column":5}},"108":{"start":{"line":233,"column":6},"end":{"line":233,"column":88}},"109":{"start":{"line":236,"column":4},"end":{"line":236,"column":34}},"110":{"start":{"line":241,"column":0},"end":{"line":263,"column":1}},"111":{"start":{"line":242,"column":2},"end":{"line":242,"column":46}},"112":{"start":{"line":244,"column":2},"end":{"line":262,"column":3}},"113":{"start":{"line":245,"column":4},"end":{"line":245,"column":44}},"114":{"start":{"line":247,"column":4},"end":{"line":259,"column":5}},"115":{"start":{"line":248,"column":6},"end":{"line":256,"column":7}},"116":{"start":{"line":251,"column":8},"end":{"line":251,"column":51}},"117":{"start":{"line":252,"column":8},"end":{"line":255,"column":9}},"118":{"start":{"line":254,"column":10},"end":{"line":254,"column":61}},"119":{"start":{"line":257,"column":11},"end":{"line":259,"column":5}},"120":{"start":{"line":258,"column":6},"end":{"line":258,"column":72}},"121":{"start":{"line":261,"column":4},"end":{"line":261,"column":28}},"122":{"start":{"line":265,"column":0},"end":{"line":282,"column":1}},"123":{"start":{"line":266,"column":2},"end":{"line":266,"column":39}},"124":{"start":{"line":268,"column":2},"end":{"line":270,"column":3}},"125":{"start":{"line":269,"column":4},"end":{"line":269,"column":91}},"126":{"start":{"line":272,"column":2},"end":{"line":272,"column":35}},"127":{"start":{"line":274,"column":2},"end":{"line":281,"column":3}},"128":{"start":{"line":275,"column":4},"end":{"line":275,"column":28}},"129":{"start":{"line":277,"column":4},"end":{"line":280,"column":5}},"130":{"start":{"line":278,"column":6},"end":{"line":278,"column":37}},"131":{"start":{"line":279,"column":6},"end":{"line":279,"column":34}},"132":{"start":{"line":284,"column":0},"end":{"line":314,"column":1}},"133":{"start":{"line":285,"column":2},"end":{"line":285,"column":22}},"134":{"start":{"line":287,"column":2},"end":{"line":287,"column":28}},"135":{"start":{"line":289,"column":2},"end":{"line":291,"column":3}},"136":{"start":{"line":290,"column":4},"end":{"line":290,"column":17}},"137":{"start":{"line":293,"column":2},"end":{"line":311,"column":3}},"138":{"start":{"line":294,"column":4},"end":{"line":300,"column":5}},"139":{"start":{"line":295,"column":6},"end":{"line":297,"column":7}},"140":{"start":{"line":296,"column":8},"end":{"line":296,"column":73}},"141":{"start":{"line":299,"column":6},"end":{"line":299,"column":64}},"142":{"start":{"line":302,"column":4},"end":{"line":308,"column":5}},"143":{"start":{"line":305,"column":6},"end":{"line":305,"column":43}},"144":{"start":{"line":306,"column":6},"end":{"line":306,"column":50}},"145":{"start":{"line":307,"column":6},"end":{"line":307,"column":50}},"146":{"start":{"line":309,"column":4},"end":{"line":309,"column":33}},"147":{"start":{"line":310,"column":4},"end":{"line":310,"column":36}},"148":{"start":{"line":313,"column":2},"end":{"line":313,"column":17}},"149":{"start":{"line":316,"column":0},"end":{"line":334,"column":1}},"150":{"start":{"line":317,"column":2},"end":{"line":317,"column":9}},"151":{"start":{"line":319,"column":2},"end":{"line":319,"column":46}},"152":{"start":{"line":321,"column":2},"end":{"line":330,"column":3}},"153":{"start":{"line":322,"column":4},"end":{"line":322,"column":21}},"154":{"start":{"line":323,"column":9},"end":{"line":330,"column":3}},"155":{"start":{"line":324,"column":4},"end":{"line":324,"column":21}},"156":{"start":{"line":325,"column":4},"end":{"line":327,"column":5}},"157":{"start":{"line":326,"column":6},"end":{"line":326,"column":23}},"158":{"start":{"line":329,"column":4},"end":{"line":329,"column":50}},"159":{"start":{"line":332,"column":2},"end":{"line":332,"column":18}},"160":{"start":{"line":333,"column":2},"end":{"line":333,"column":35}},"161":{"start":{"line":336,"column":0},"end":{"line":372,"column":1}},"162":{"start":{"line":337,"column":2},"end":{"line":338,"column":50}},"163":{"start":{"line":340,"column":2},"end":{"line":365,"column":3}},"164":{"start":{"line":341,"column":4},"end":{"line":343,"column":5}},"165":{"start":{"line":342,"column":6},"end":{"line":342,"column":52}},"166":{"start":{"line":345,"column":4},"end":{"line":349,"column":5}},"167":{"start":{"line":346,"column":6},"end":{"line":348,"column":71}},"168":{"start":{"line":347,"column":8},"end":{"line":347,"column":54}},"169":{"start":{"line":351,"column":4},"end":{"line":364,"column":5}},"170":{"start":{"line":352,"column":6},"end":{"line":352,"column":27}},"171":{"start":{"line":354,"column":6},"end":{"line":354,"column":50}},"172":{"start":{"line":355,"column":6},"end":{"line":355,"column":19}},"173":{"start":{"line":356,"column":6},"end":{"line":356,"column":27}},"174":{"start":{"line":358,"column":6},"end":{"line":361,"column":7}},"175":{"start":{"line":359,"column":8},"end":{"line":359,"column":27}},"176":{"start":{"line":360,"column":8},"end":{"line":360,"column":54}},"177":{"start":{"line":363,"column":6},"end":{"line":363,"column":12}},"178":{"start":{"line":367,"column":2},"end":{"line":369,"column":3}},"179":{"start":{"line":368,"column":4},"end":{"line":368,"column":49}},"180":{"start":{"line":371,"column":2},"end":{"line":371,"column":20}},"181":{"start":{"line":374,"column":0},"end":{"line":396,"column":1}},"182":{"start":{"line":375,"column":2},"end":{"line":376,"c
[...]
,"  // for multiline, since they're more readable and they don't add empty lines.","  // Also prefer folding a super-long line.","  if (!hasLineBreak && !hasFoldableLine) {","    // Strings interpretable as another type have to be quoted;","    // e.g. the string 'true' vs. the boolean true.","    return plain && !testAmbiguousType(string)","      ? STYLE_PLAIN : STYLE_SINGLE;","  }","  // Edge case: block indentation indicator can only have one digit.","  if (string[0] === ' ' && indentPerLevel > 9) {","    return STYLE_DOUBLE;","  }","  // At this point we know block styles are valid.","  // Prefer literal style unless we want to fold.","  return hasFoldableLine ? STYLE_FOLDED : STYLE_LITERAL;","}","","// Note: line breaking/folding is implemented for only the folded style.","// NB. We drop the last trailing newline (if any) of a returned block scalar","//  since the dumper adds its own newline. This always works:","//    • No ending newline => unaffected; already using strip \"-\" chomping.","//    • Ending newline    => removed then restored.","//  Importantly, this keeps the \"+\" chomp indicator from gaining an extra line.","function writeScalar(state, string, level, iskey) {","  state.dump = (function () {","    if (string.length === 0) {","      return \"''\";","    }","    if (!state.noCompatMode &&","        DEPRECATED_BOOLEANS_SYNTAX.indexOf(string) !== -1) {","      return \"'\" + string + \"'\";","    }","","    var indent = state.indent * Math.max(1, level); // no 0-indent scalars","    // As indentation gets deeper, let the width decrease monotonically","    // to the lower bound min(state.lineWidth, 40).","    // Note that this implies","    //  state.lineWidth ≤ 40 + state.indent: width is fixed at the lower bound.","    //  state.lineWidth > 40 + state.indent: width decreases until the lower bound.","    // This behaves better than a constant minimum width which disallows narrower options,","    // or an indent threshold which causes the width to suddenly increase.","    var lineWidth = state.lineWidth === -1","      ? -1 : Math.max(Math.min(state.lineWidth, 40), state.lineWidth - indent);","","    // Without knowing if keys are implicit/explicit, assume implicit for safety.","    var singleLineOnly = iskey","      // No block styles in flow mode.","      || (state.flowLevel > -1 && level >= state.flowLevel);","    function testAmbiguity(string) {","      return testImplicitResolving(state, string);","    }","","    switch (chooseScalarStyle(string, singleLineOnly, state.indent, lineWidth, testAmbiguity)) {","      case STYLE_PLAIN:","        return string;","      case STYLE_SINGLE:","        return \"'\" + string.replace(/'/g, \"''\") + \"'\";","      case STYLE_LITERAL:","        return '|' + blockHeader(string, state.indent)","          + dropEndingNewline(indentString(string, indent));","      case STYLE_FOLDED:","        return '>' + blockHeader(string, state.indent)","          + dropEndingNewline(indentString(foldString(string, lineWidth), indent));","      case STYLE_DOUBLE:","        return '\"' + escapeString(string, lineWidth) + '\"';","      default:","        throw new YAMLException('impossible error: invalid scalar style');","    }","  }());","}","","// Pre-conditions: string is valid for a block scalar, 1 <= indentPerLevel <= 9.","function blockHeader(string, indentPerLevel) {","  var indentIndicator = (string[0] === ' ') ? String(indentPerLevel) : '';","","  // note the special case: the string '\\n' counts as a \"trailing\" empty line.","  var clip =          string[string.length - 1] === '\\n';","  var keep = clip && (string[string.length - 2] === '\\n' || string === '\\n');","  var chomp = keep ? '+' : (clip ? '' : '-');","","  return indentIndicator + chomp + '\\n';","}","","// (See the note for writeScalar.)","function dropEndingNewline(string) {","  return string[string.length - 1] === '\\n' ? string.slice(0, -1) : string;","}","","// Note: a long line without a suitable break point will exceed the width limit.","// Pre-conditions: every char in str isPrintable, str.length > 0, width > 0.","function foldString(string, width) {","  // In folded style, $k$ consecutive newlines output as $k+1$ newlines—","  // unless they're before or after a more-indented line, or at the very","  // beginning or end, in which case $k$ maps to $k$.","  // Therefore, parse each chunk as newline(s) followed by a content line.","  var lineRe = /(\\n+)([^\\n]*)/g;","","  // first line (possibly an empty line)","  var result = (function () {","    var nextLF = string.indexOf('\\n');","    nextLF = nextLF !== -1 ? nextLF : string.length;","    lineRe.lastIndex = nextLF;","    return foldLine(string.slice(0, nextLF), width);","  }());","  // If we haven't reached the first content line yet, don't add an extra \\n.","  var prevMoreIndented = string[0] === '\\n' || string[0] === ' ';","  var moreIndented;","","  // rest of the lines","  var match;","  while ((match = lineRe.exec(string))) {","    var prefix = match[1], line = match[2];","    moreIndented = (line[0] === ' ');","    result += prefix","      + (!prevMoreIndented && !moreIndented && line !== ''","        ? '\\n' : '')","      + foldLine(line, width);","    prevMoreIndented = moreIndented;","  }","","  return result;","}","","// Greedy line breaking.","// Picks the longest line under the limit each time,","// otherwise settles for the shortest line over the limit.","// NB. More-indented lines *cannot* be folded, as that would add an extra \\n.","function foldLine(line, width) {","  if (line === '' || line[0] === ' ') return line;","","  // Since a more-indented line adds a \\n, breaks can't be followed by a space.","  var breakRe = / [^ ]/g; // note: the match index will always be <= length-2.","  var match;","  // start is an inclusive index. end, curr, and next are exclusive.","  var start = 0, end, curr = 0, next = 0;","  var result = '';","","  // Invariants: 0 <= start <= length-1.","  //   0 <= curr <= next <= max(0, length-2). curr - start <= width.","  // Inside the loop:","  //   A match implies length >= 2, so curr and next are <= length-2.","  while ((match = breakRe.exec(line))) {","    next = match.index;","    // maintain invariant: curr - start <= width","    if (next - start > width) {","      end = (curr > start) ? curr : next; // derive end <= length-2","      result += '\\n' + line.slice(start, end);","      // skip the space that was output as \\n","      start = end + 1;                    // derive start <= length-1","    }","    curr = next;","  }","","  // By the invariants, start <= length-1, so there is something left over.","  // It is either the whole string or a part starting from non-whitespace.","  result += '\\n';","  // Insert a break if the remainder is too long and there is a break available.","  if (line.length - start > width && curr > start) {","    result += line.slice(start, curr) + '\\n' + line.slice(curr + 1);","  } else {","    result += line.slice(start);","  }","","  return result.slice(1); // drop extra \\n joiner","}","","// Escapes a double-quoted string.","function escapeString(string) {","  var result = '';","  var char;","  var escapeSeq;","","  for (var i = 0; i < string.length; i++) {","    char = string.charCodeAt(i);","    escapeSeq = ESCAPE_SEQUENCES[char];","    result += !escapeSeq && isPrintable(char)","      ? string[i]","      : escapeSeq || encodeHex(char);","  }","","  return result;","}","","function writeFlowSequence(state, level, object) {","  var _result = '',","      _tag    = state.tag,","      index,","      length;","","  for (index = 0, length = object.length; index < length; index += 1) {","    // Write only valid elements.","    if (writeNode(state, level, object[index], false, false)) {","      if (index !== 0) _result += ', ';","      _result += state.dump;","    }","  }","","  state.tag = _tag;","  state.dump = '[' + _result + ']';","}","","function writeBlockSequence(state, level, object, compact) {","  var _result = '',","      _tag    = state.tag,","      index,","      length;","","  for (index = 0, length = object.length; index < length; index += 1) {","    // Write only valid elements.","    if (writeNode(state, level + 1, object[index], true, true)) {","      if (!compact || index !== 0) {","        _result += generateNextLine(state, level);","      }","      _result += '- ' + state.dump;","    }","  }","","  state.tag = _tag;","  state.dump = _result || '[]'; // Empty sequence if no valid values.","}","","function writeFlowMapping(state, level, object) {","  var _result       = '',","      _tag          = state.tag,","      objectKeyList = Object.keys(object),","      index,","      length,","      objectKey,","      objectValue,","      pairBuffer;","","  for (index = 0, length = objectKeyList.length; index < length; index += 1) {","    pairBuffer = '';","","    if (index !== 0) pairBuffer += ', ';","","    objectKey = objectKeyList[index];","    objectValue = object[objectKey];","","    if (!writeNode(state, level, objectKey, false, false)) {","      continue; // Skip this pair because of invalid key;","    }","","    if (state.dump.length > 1024) pairBuffer += '? ';","","    pairBuffer += state.dump + ': ';","","    if (!writeNode(state, level, objectValue, false, false)) {","      continue; // Skip this pair because of invalid value.","    }","","    pairBuffer += state.dump;","","    // Both key and value are valid.","    _result += pairBuffer;","  }","","  state.tag = _tag;","  state.dump = '{' + _result + '}';","}","","function writeBlockMapping(state, level, object, compact) {","  var _result       = '',","      _tag          = state.tag,","      objectKeyList = Object.keys(object),","      index,","      length,","      objectKey,","      objectValue,","      explicitPair,","      pairBuffer;","","  // Allow sorting keys so that the output file is deterministic","  if (state.sortKeys === true) {","    // Default sorting","    objectKeyList.sort();","  } else if (typeof state.sortKeys === 'function') {","    // Custom sort function","    objectKeyList.sort(state.sortKeys);","  } else if (state.sortKeys) {","    // Something is wrong","    throw new YAMLException('sortKeys must be a boolean or a function');","  }","","  for (index = 0, length = objectKeyList.length; index < length; index += 1) {","    pairBuffer = '';","","    if (!compact || index !== 0) {","      pairBuffer += generateNextLine(state, level);","    }","","    objectKey = objectKeyList[index];","    objectValue = object[objectKey];","","    if (!writeNode(state, level + 1, objectKey, true, true, true)) {","      continue; // Skip this pair because of invalid key.","    }","","    explicitPair = (state.tag !== null && state.tag !== '?') ||","                   (state.dump && state.dump.length > 1024);","","    if (explicitPair) {","      if (state.dump && CHAR_LINE_FEED === state.dump.charCodeAt(0)) {","        pairBuffer += '?';","      } else {","        pairBuffer += '? ';","      }","    }","","    pairBuffer += state.dump;","","    if (explicitPair) {","      pairBuffer += generateNextLine(state, level);","    }","","    if (!writeNode(state, level + 1, objectValue, true, explicitPair)) {","      continue; // Skip this pair because of invalid value.","    }","","    if (state.dump && CHAR_LINE_FEED === state.dump.charCodeAt(0)) {","      pairBuffer += ':';","    } else {","      pairBuffer += ': ';","    }","","    pairBuffer += state.dump;","","    // Both key and value are valid.","    _result += pairBuffer;","  }","","  state.tag = _tag;","  state.dump = _result || '{}'; // Empty mapping if no valid pairs.","}","","function detectType(state, object, explicit) {","  var _result, typeList, index, length, type, style;","","  typeList = explicit ? state.explicitTypes : state.implicitTypes;","","  for (index = 0, length = typeList.length; index < length; index += 1) {","    type = typeList[index];","","    if ((type.instanceOf  || type.predicate) &&","        (!type.instanceOf || ((typeof object === 'object') && (object instanceof type.instanceOf))) &&","        (!type.predicate  || type.predicate(object))) {","","      state.tag = explicit ? type.tag : '?';","","      if (type.represent) {","        style = state.styleMap[type.tag] || type.defaultStyle;","","        if (_toString.call(type.represent) === '[object Function]') {","          _result = type.represent(object, style);","        } else if (_hasOwnProperty.call(type.represent, style)) {","          _result = type.represent[style](object, style);","        } else {","          throw new YAMLException('!<' + type.tag + '> tag resolver accepts not \"' + style + '\" style');","        }","","        state.dump = _result;","      }","","      return true;","    }","  }","","  return false;","}","","// Serializes `object` and writes it to global `result`.","// Returns true on success, or false on invalid object.","//","function writeNode(state, level, object, block, compact, iskey) {","  state.tag = null;","  state.dump = object;","","  if (!detectType(state, object, false)) {","    detectType(state, object, true);","  }","","  var type = _toString.call(state.dump);","","  if (block) {","    block = (state.flowLevel < 0 || state.flowLevel > level);","  }","","  var objectOrArray = type === '[object Object]' || type === '[object Array]',","      duplicateIndex,","      duplicate;","","  if (objectOrArray) {","    duplicateIndex = state.duplicates.indexOf(object);","    duplicate = duplicateIndex !== -1;","  }","","  if ((state.tag !== null && state.tag !== '?') || duplicate || (state.indent !== 2 && level > 0)) {","    compact = false;","  }","","  if (duplicate && state.usedDuplicates[duplicateIndex]) {","    state.dump = '*ref_' + duplicateIndex;","  } else {","    if (objectOrArray && duplicate && !state.usedDuplicates[duplicateIndex]) {","      state.usedDuplicates[duplicateIndex] = true;","    }","    if (type === '[object Object]') {","      if (block && (Object.keys(state.dump).length !== 0)) {","        writeBlockMapping(state, level, state.dump, compact);","        if (duplicate) {","          state.dump = '&ref_' + duplicateIndex + state.dump;","        }","      } else {","        writeFlowMapping(state, level, state.dump);","        if (duplicate) {","          state.dump = '&ref_' + duplicateIndex + ' ' + state.dump;","        }","      }","    } else if (type === '[object Array]') {","      if (block && (state.dump.length !== 0)) {","        writeBlockSequence(state, level, state.dump, compact);","        if (duplicate) {","          state.dump = '&ref_' + duplicateIndex + state.dump;","        }","      } else {","        writeFlowSequence(state, level, state.dump);","        if (duplicate) {","          state.dump = '&ref_' + duplicateIndex + ' ' + state.dump;","        }","      }","    } else if (type === '[object String]') {","      if (state.tag !== '?') {","        writeScalar(state, state.dump, level, iskey);","      }","    } else {","      if (state.skipInvalid) return false;","      throw new YAMLException('unacceptable kind of an object to dump ' + type);","    }","","    if (state.tag !== null && state.tag !== '?') {","      state.dump = '!<' + state.tag + '> ' + state.dump;","    }","  }","","  return true;","}","","function getDuplicateReferences(object, state) {","  var objects = [],","      duplicatesIndexes = [],","      index,","      length;","","  inspectNode(object, objects, duplicatesIndexes);","","  for (index = 0, length = duplicatesIndexes.length; index < length; index += 1) {","    state.duplicates.push(objects[duplicatesIndexes[index]]);","  }","  state.usedDuplicates = new Array(length);","}","","function inspectNode(object, objects, duplicatesIndexes) {","  var objectKeyList,","      index,","      length;","","  if (object !== null && typeof object === 'object') {","    index = objects.indexOf(object);","    if (index !== -1) {","      if (duplicatesIndexes.indexOf(index) === -1) {","        duplicatesIndexes.push(index);","      }","    } else {","      objects.push(object);","","      if (Array.isArray(object)) {","        for (index = 0, length = object.length; index < length; index += 1) {","          inspectNode(object[index], objects, duplicatesIndexes);","        }","      } else {","        objectKeyList = Object.keys(object);","","        for (index = 0, length = objectKeyList.length; index < length; index += 1) {","          inspectNode(object[objectKeyList[index]], objects, duplicatesIndexes);","        }","      }","    }","  }","}","","function dump(input, options) {","  options = options || {};","","  var state = new State(options);","","  if (!state.noRefs) getDuplicateReferences(input, state);","","  if (writeNode(state, 0, input, true, true)) return state.dump + '\\n';","","  return '';","}","","function safeDump(input, options) {","  return dump(input, common.extend({ schema: DEFAULT_SAFE_SCHEMA }, options));","}","","module.exports.dump     = dump;","module.exports.safeDump = safeDump;",""],"l":{"5":1,"6":1,"7":1,"8":1,"10":1,"11":1,"13":1,"14":1,"15":1,"16":1,"17":1,"18":1,"19":1,"20":1,"21":1,"22":1,"23":1,"24":1,"25":1,"26":1,"27":1,"28":1,"29":1,"30":1,"31":1,"32":1,"33":1,"34":1,"36":1,"38":1,"39":1,"40":1,"41":1,"42":1,"43":1,"44":1,"45":1,"46":1,"47":1,"48":1,"49":1,"50":1,"51":1,"52":1,"54":1,"59":1,"60":0,"62":0,"64":0,"65":0,"67":0,"68":0,"69":0,"71":0,"72":0,"74":0,"76":0,"77":0,"80":0,"83":0,"86":1,"87":0,"89":0,"91":0,"92":0,"93":0,"94":0,"95":0,"96":0,"97":0,"98":0,"99":0,"101":0,"104":0,"107":1,"108":0,"109":0,"110":0,"111":0,"112":0,"113":0,"114":0,"115":0,"116":0,"118":0,"119":0,"121":0,"122":0,"124":0,"125":0,"129":1,"130":0,"137":0,"138":0,"139":0,"140":0,"141":0,"143":0,"144":0,"147":0,"149":0,"152":0,"155":1,"156":0,"159":1,"160":0,"162":0,"163":0,"165":0,"166":0,"170":0,"174":1,"175":0,"182":1,"183":0,"190":1,"193":0,"206":1,"209":0,"236":1,"249":1,"250":0,"251":0,"252":0,"253":0,"254":0,"255":0,"256":0,"259":0,"262":0,"263":0,"264":0,"265":0,"267":0,"271":0,"272":0,"273":0,"274":0,"276":0,"277":0,"281":0,"283":0,"284":0,"286":0,"289":0,"296":0,"299":0,"303":0,"304":0,"308":0,"317":1,"318":0,"319":0,"320":0,"322":0,"324":0,"327":0,"335":0,"339":0,"342":1,"343":0,"346":0,"348":0,"350":0,"352":0,"355":0,"358":0,"360":0,"366":1,"367":0,"370":0,"371":0,"372":0,"374":0,"378":1,"379":0,"384":1,"389":0,"392":0,"393":0,"394":0,"395":0,"396":0,"399":0,"400":0,"403":0,"404":0,"405":0,"406":0,"407":0,"411":0,"414":0,"421":1,"422":0,"425":0,"426":0,"428":0,"429":0,"435":0,"436":0,"438":0,"439":0,"440":0,"442":0,"444":0,"449":0,"451":0,"452":0,"454":0,"457":0,"461":1,"462":0,"463":0,"464":0,"466":0,"467":0,"468":0,"469":0,"474":0,"477":1,"478":0,"483":0,"485":0,"486":0,"487":0,"491":0,"492":0,"495":1,"496":0,"501":0,"503":0,"504":0,"505":0,"507":0,"511":0,"512":0,"515":1,"516":0,"525":0,"526":0,"528":0,"530":0,"531":0,"533":0,"534":0,"537":0,"539":0,"541":0,"542":0,"545":0,"548":0,"551":0,"552":0,"555":1,"556":0,"567":0,"569":0,"570":0,"572":0,"573":0,"575":0,"578":0,"579":0,"581":0,"582":0,"585":0,"586":0,"588":0,"589":0,"592":0,"595":0,"596":0,"597":0,"599":0,"603":0,"605":0,"606":0,"609":0,"610":0,"613":0,"614":0,"616":0,"619":0,"622":0,"625":0,"626":0,"629":1,"630":0,"632":0,"634":0,"635":0,"637":0,"641":0,"643":0,"644":0,"646":0,"647":0,"648":0,"649":0,"651":0,"654":0,"657":0,"661":0,"667":1,"668":0,"669":0,"671":0,"672":0,"675":0,"677":0,"678":0,"681":0,"685":0,"686":0,"687":0,"690":0,"691":0,"694":0,"695":0,"697":0,"698":0,"700":0,"701":0,"702":0,"703":0,"704":0,"707":0,"708":0,"709":0,"712":0,"713":0,"714":0,"715":0,"716":0,"719":0,"720":0,"721":0,"724":0,"725":0,"726":0,"729":0,"730":0,"733":0,"734":0,"738":0,"741":1,"742":0,"747":0,"749":0,"750":0,"752":0,"755":1,"756":0,"760":0,"761":0,"762":0,"763":0,"764":0,"767":0,"769":0,"770":0,"771":0,"774":0,"776":0,"777":0,"784":1,"785":0,"787":0,"789":0,"791":0,"793":0,"796":1,"797":0,"800":1,"801":1}}}